[21:59:37] [main/INFO] (Entrypoint) JVM Uptime at startup: 2453ms
[21:59:37] [main/INFO] (FMLLoader) Starting FancyModLoader version 11.0.13 (CLIENT in DEV)
[21:59:37] [main/INFO] (FMLLoader) Game directory: D:\SolidState Driver\bandits mod development\26_Too Many Bows\neoforge\run
[21:59:37] [main/INFO] (EarlyServiceDiscovery) Found 2 early service jars (out of 116) in 18ms
[21:59:37] [main/INFO] (FMLLoader) Loading FML Early Services:
[21:59:37] [main/INFO] (FMLLoader)  - C:/Users/noide/.gradle/caches/modules-2/files-2.1/net.neoforged.fancymodloader/loader/11.0.13/c9c89eaf35535990110088224d188748d81eaecf/loader-11.0.13.jar
[21:59:37] [main/INFO] (FMLLoader)  - C:/Users/noide/.gradle/caches/modules-2/files-2.1/net.neoforged.fancymodloader/earlydisplay/11.0.13/491a1bedecb33802fa118cae384b60f91f6f0241/earlydisplay-11.0.13.jar
[21:59:37] [main/INFO] (ImmediateWindowHandler) Loading ImmediateWindowProvider fmlearlywindow
[21:59:37] [ForkJoinPool.commonPool-worker-17/INFO] (GameLocator) Detected a joined NeoForge and Minecraft configuration. Applying filtering...
[21:59:38] [ForkJoinPool.commonPool-worker-17/INFO] (ModDiscoverer) Found mod file "neoforge-26.1.2.76-minecraft-merged-deobf-26.1.2.jar" [locator: game locator]
[21:59:38] [ForkJoinPool.commonPool-worker-17/INFO] (ModDiscoverer) Found mod file "forge-universal.jar" [locator: game locator]
[21:59:38] [ForkJoinPool.commonPool-worker-17/INFO] (InDevFolderLocator) Got mod coordinates main%%D:\SolidState Driver\bandits mod development\26_Too Many Bows\neoforge\build\resources\main;main%%D:\SolidState Driver\bandits mod development\26_Too Many Bows\neoforge\build\classes\java\main;main%%D:\SolidState Driver\bandits mod development\26_Too Many Bows\out\production\too_many_bows.neoforge.main;main%%D:\SolidState Driver\bandits mod development\26_Too Many Bows\neoforge\out\production\classes;main%%D:\SolidState Driver\bandits mod development\26_Too Many Bows\neoforge\out\production\resources from env
[21:59:38] [ForkJoinPool.commonPool-worker-17/INFO] (ModDiscoverer) Found mod file "main" [locator: indevfolder, reader: mod manifest]
[21:59:38] [fml-loadingscreen/INFO] (LoadingScreenRenderer) GL info: NVIDIA GeForce RTX 3070 Ti/PCIe/SSE2 GL version 3.3.0 NVIDIA 596.49, NVIDIA Corporation
[21:59:38] [ForkJoinPool.commonPool-worker-17/INFO] (ModDiscoverer) Found mod file "architectury-neoforge-20.0.7.jar" [locator: indevjar, reader: mod manifest]
[21:59:38] [ForkJoinPool.commonPool-worker-17/INFO] (ModDiscoverer) Found mod file "curios-neoforge-15.0.0-beta.2+26.1.2.jar" [locator: indevjar, reader: mod manifest]
[21:59:38] [ForkJoinPool.commonPool-worker-17/INFO] (ModDiscoverer) Found mod file "12330937374663505277.jar" [locator: indevjar, reader: mod manifest]
[21:59:38] [ForkJoinPool.commonPool-worker-17/INFO] (ModDiscoverer) Found gamelibrary file "mixinextras-neoforge-0.5.4.jar" [locator: indevjar, reader: mod manifest]
[21:59:38] [ForkJoinPool.commonPool-worker-17/WARN] (JarSelector) Attempted to select a dependency jar for JarJar which was passed in as source: library:mixinextras.neoforge. Using jar(C:/Users/noide/.gradle/caches/modules-2/files-2.1/io.github.llamalad7/mixinextras-neoforge/0.5.4/3cb0fec08c25e18fddf797fbdc1b9db83dc4e92f/mixinextras-neoforge-0.5.4.jar)
[21:59:38] [ForkJoinPool.commonPool-worker-17/INFO] (JarInJarDependencyLocator) Found 1 dependencies adding them to mods collection
[21:59:38] [ForkJoinPool.commonPool-worker-17/INFO] (ModDiscoverer) Found library file "net.neoforged.neoforge-coremods-26.1.2.76.jar" [parent: forge-universal.jar, locator: jarinjar, reader: mod manifest]
[21:59:38] [ForkJoinPool.commonPool-worker-17/INFO] (ModDiscoverer) 
     Mod List:
		Name Version (Mod Id)

		Architectury 20.0.7 (architectury)
		Curios API 15.0.0-beta.2+26.1.2 (curios)
		generated_7b19755 1 (generated_7b19755)
		Minecraft 26.1.2 (minecraft)
		NeoForge 26.1.2.76 (neoforge)
		Too Many Bows 1.0.0-26.1.2 (too_many_bows)
[21:59:38] [main/INFO] (mixin) SpongePowered MIXIN Subsystem Version=0.8.7 Source=file:/C:/Users/noide/.gradle/caches/modules-2/files-2.1/net.fabricmc/sponge-mixin/0.17.3+mixin.0.8.7/41c4a3984a80f4679e759fb9f495587acc5cdac7/sponge-mixin-0.17.3+mixin.0.8.7.jar Service=FML Env=CLIENT
[21:59:38] [main/INFO] (FMLLoader) Loading FML Plugins:
[21:59:38] [main/INFO] (FMLLoader)  - C:/Users/noide/.gradle/caches/fabric-loom/26.1.2/neoforge/26.1.2.76/forge-universal.jar > net.neoforged.neoforge-coremods-26.1.2.76.jar
[21:59:38] [main/INFO] (FMLLoader) Building game content classloader:
 - architectury (jar(C:/Users/noide/.gradle/caches/modules-2/files-2.1/dev.architectury/architectury-neoforge/20.0.7/fd69689bdb61e89b7ac62e48762a3700756037c5/architectury-neoforge-20.0.7.jar))
 - curios (jar(C:/Users/noide/.gradle/caches/modules-2/files-2.1/top.theillusivec4.curios/curios-neoforge/15.0.0-beta.2+26.1.2/231161937c73eadc0313bff7abaa3486e0a89853/curios-neoforge-15.0.0-beta.2+26.1.2.jar))
 - generated_7b19755 (jar(C:/Users/noide/AppData/Local/Temp/12330937374663505277.jar))
 - minecraft (composite(filtered(jar(C:/Users/noide/.gradle/caches/fabric-loom/minecraftMaven/net/minecraft/neoforge-26.1.2.76-minecraft-merged-deobf/26.1.2/neoforge-26.1.2.76-minecraft-merged-deobf-26.1.2.jar)), filtered(jar(C:/Users/noide/.gradle/caches/fabric-loom/minecraftMaven/net/minecraft/neoforge-26.1.2.76-minecraft-merged-deobf/26.1.2/neoforge-26.1.2.76-minecraft-merged-deobf-26.1.2.jar))))
 - mixinextras.neoforge (jar(C:/Users/noide/.gradle/caches/modules-2/files-2.1/io.github.llamalad7/mixinextras-neoforge/0.5.4/3cb0fec08c25e18fddf797fbdc1b9db83dc4e92f/mixinextras-neoforge-0.5.4.jar))
 - neoforge (composite(filtered(jar(C:/Users/noide/.gradle/caches/fabric-loom/26.1.2/neoforge/26.1.2.76/forge-universal.jar))))
 - net.neoforged.fml.generated (empty(VirtualJar/net.neoforged.fml.generated))
 - too_many_bows (composite(folder(D:/SolidState Driver/bandits mod development/26_Too Many Bows/neoforge/build/resources/main), folder(D:/SolidState Driver/bandits mod development/26_Too Many Bows/neoforge/build/classes/java/main)))
[21:59:38] [main/INFO] (FMLLoader) Built game content classloader in 21ms
[21:59:38] [main/INFO] (mixin) Compatibility level set to JAVA_25
[21:59:38] [main/WARN] (MixinFacade) Mod file composite(folder(D:/SolidState Driver/bandits mod development/26_Too Many Bows/neoforge/build/resources/main), folder(D:/SolidState Driver/bandits mod development/26_Too Many Bows/neoforge/build/classes/java/main)) declares mixin config too_many_bows.mixins.json, but it actually comes from jar(C:/Users/noide/AppData/Local/Temp/12330937374663505277.jar)
[21:59:38] [main/WARN] (mixin) Reference map 'curios.refmap.json' for curios.mixins.json could not be read. If this is a development environment you can ignore this message
[21:59:39] [main/INFO] (MixinExtras|Service) Initializing MixinExtras via com.llamalad7.mixinextras.service.MixinExtrasServiceImpl(version=0.5.4).
[21:59:39] [Datafixer Bootstrap/INFO] (Minecraft) 294 Datafixer optimizations took 275 milliseconds
[21:59:43] [main/WARN] (Minecraft) Ambiguity between arguments [teleport, location] and [teleport, destination] with inputs: [0.1 -0.5 .9, 0 0 0]
[21:59:43] [main/WARN] (Minecraft) Ambiguity between arguments [teleport, location] and [teleport, targets] with inputs: [0.1 -0.5 .9, 0 0 0]
[21:59:43] [main/WARN] (Minecraft) Ambiguity between arguments [teleport, destination] and [teleport, targets] with inputs: [Player, 0123, @e, dd12be42-52a9-4a91-a8a1-11c01849e498]
[21:59:43] [main/WARN] (Minecraft) Ambiguity between arguments [teleport, targets] and [teleport, destination] with inputs: [Player, 0123, dd12be42-52a9-4a91-a8a1-11c01849e498]
[21:59:43] [main/WARN] (Minecraft) Ambiguity between arguments [teleport, targets, location] and [teleport, targets, destination] with inputs: [0.1 -0.5 .9, 0 0 0]
[21:59:43] [main/WARN] (Minecraft) Ambiguity between arguments [time, set, time] and [time, set, timemarker] with inputs: [0, 0s, 0d, 0t]
[21:59:43] [main/WARN] (Minecraft) Ambiguity between arguments [time, set, timemarker] and [time, set, time] with inputs: [012]
[21:59:43] [main/WARN] (Minecraft) Ambiguity between arguments [time, of, clock, set, time] and [time, of, clock, set, timemarker] with inputs: [0, 0s, 0d, 0t]
[21:59:43] [main/WARN] (Minecraft) Ambiguity between arguments [time, of, clock, set, timemarker] and [time, of, clock, set, time] with inputs: [012]
[21:59:43] [main/WARN] (Minecraft) Ambiguity between arguments [waypoint, modify, waypoint, color, reset] and [waypoint, modify, waypoint, color, color] with inputs: [reset]
[21:59:43] [modloading-worker-0/INFO] (NeoForgeMod) NeoForge mod loading, version 26.1.2.76, for MC 26.1.2
[21:59:44] [Render thread/INFO] (Minecraft) Environment: Environment[sessionHost=https://sessionserver.mojang.com, servicesHost=https://api.minecraftservices.com, profilesHost=https://api.mojang.com, name=PROD]
[21:59:44] [Render thread/INFO] (Minecraft) Setting user: Dev
[21:59:44] [Render thread/INFO] (Minecraft) Backend library: LWJGL version 3.4.1+2
[21:59:45] [Render thread/INFO] (Minecraft) Using optional rendering extensions: GL_ARB_buffer_storage, GL_KHR_debug, GL_ARB_vertex_attrib_binding, GL_ARB_direct_state_access, GL_EXT_texture_filter_anisotropic
[21:59:46] [Render thread/INFO] (Minecraft) Reloading ResourceManager: vanilla, mod_resources, mod/curios, mod/architectury, mod/too_many_bows, mod/neoforge, mod/generated_7b19755
[21:59:46] [resourceLoad/INFO] (Minecraft) Found unifont_pua-17.0.01.hex, loading
[21:59:46] [resourceLoad/INFO] (Minecraft) Found unifont_all_no_pua-17.0.01.hex, loading
[21:59:46] [resourceLoad/INFO] (Minecraft) Found unifont_jp_patch-17.0.01.hex, loading
[21:59:46] [resourceLoad/WARN] (Minecraft) Missing texture references in model too_many_bows:item/cursed_lantern_equipped:
    particle
[21:59:46] [resourceLoad/WARN] (Minecraft) Missing texture references in model too_many_bows:item/twin_shadows:
    particle
[21:59:46] [resourceLoad/WARN] (Minecraft) Missing texture references in model too_many_bows:item/aethers_call:
    particle
[21:59:46] [resourceLoad/WARN] (Minecraft) Missing texture references in model too_many_bows:item/soul_lantern_equipped:
    particle
[21:59:46] [resourceLoad/WARN] (Minecraft) Missing texture references in model too_many_bows:item/solar_bow:
    particle
[21:59:46] [resourceLoad/WARN] (Minecraft) Missing texture references in model too_many_bows:item/auroras_grace_pulling_1:
    particle
[21:59:46] [resourceLoad/WARN] (Minecraft) Missing texture references in model too_many_bows:item/auroras_grace:
    particle
[21:59:46] [resourceLoad/WARN] (Minecraft) Missing texture references in model too_many_bows:item/verdant_viper_bow_0:
    particle
[21:59:46] [resourceLoad/WARN] (Minecraft) Missing texture references in model too_many_bows:item/verdant_viper_bow_1:
    particle
[21:59:46] [resourceLoad/WARN] (Minecraft) Missing texture references in model too_many_bows:item/verdant_viper_bow_2:
    particle
[21:59:46] [resourceLoad/WARN] (Minecraft) Missing texture references in model too_many_bows:item/dragons_breath:
    particle
[21:59:46] [Render thread/WARN] (Minecraft) neoforge:pipeline/item_cutout_unlit shader program does not use sampler Sampler2 defined in the pipeline. This might be a bug.
[21:59:46] [Render thread/WARN] (Minecraft) neoforge:pipeline/item_translucent_unlit shader program does not use sampler Sampler2 defined in the pipeline. This might be a bug.
[21:59:47] [Render thread/INFO] (Minecraft) OpenAL initialized on device OpenAL Soft on HyperX Cloud Earbuds II (High Definition Audio Device)
[21:59:47] [Render thread/INFO] (Minecraft) Sound engine started
[21:59:47] [Render thread/INFO] (Minecraft) Created: 512x256x0 minecraft:textures/atlas/particles.png-atlas
[21:59:47] [Render thread/INFO] (Minecraft) Created: 128x128x0 minecraft:textures/atlas/decorated_pot.png-atlas
[21:59:47] [Render thread/INFO] (Minecraft) Created: 2048x1024x0 minecraft:textures/atlas/armor_trims.png-atlas
[21:59:47] [Render thread/INFO] (Minecraft) Created: 512x256x0 minecraft:textures/atlas/paintings.png-atlas
[21:59:47] [Render thread/INFO] (Minecraft) Created: 1024x512x0 minecraft:textures/atlas/shield_patterns.png-atlas
[21:59:47] [Render thread/INFO] (Minecraft) Created: 2048x2048x4 minecraft:textures/atlas/blocks.png-atlas
[21:59:47] [Render thread/INFO] (Minecraft) Created: 512x512x0 minecraft:textures/atlas/chest.png-atlas
[21:59:47] [Render thread/INFO] (Minecraft) Created: 256x128x0 minecraft:textures/atlas/celestials.png-atlas
[21:59:47] [Render thread/INFO] (Minecraft) Created: 1024x512x0 minecraft:textures/atlas/banner_patterns.png-atlas
[21:59:47] [Render thread/INFO] (Minecraft) Created: 512x512x0 minecraft:textures/atlas/beds.png-atlas
[21:59:47] [Render thread/INFO] (Minecraft) Created: 2048x1024x0 minecraft:textures/atlas/items.png-atlas
[21:59:47] [Render thread/INFO] (Minecraft) Created: 1024x1024x0 minecraft:textures/atlas/gui.png-atlas
[21:59:47] [Render thread/INFO] (Minecraft) Created: 128x64x0 minecraft:textures/atlas/map_decorations.png-atlas
[21:59:47] [Render thread/INFO] (Minecraft) Created: 512x256x0 minecraft:textures/atlas/signs.png-atlas
[21:59:47] [Render thread/INFO] (Minecraft) Created: 512x512x0 minecraft:textures/atlas/shulker_boxes.png-atlas
[21:59:47] [Render thread/INFO] (AnimationLoader) Loaded 0 entity animations
[21:59:56] [Render thread/WARN] (CommonHooks) The following mods have version differences that were not resolved:
generated_6969330 (version 1 -> MISSING)
Things may not work well.
[21:59:57] [Render thread/INFO] (Minecraft) Loaded 1531 recipes
[21:59:57] [Render thread/INFO] (Minecraft) Loaded 1626 advancements
[21:59:57] [Render thread/INFO] (RecipePriorityManager) Loaded 0 recipe priority overrides
[21:59:57] [Server thread/INFO] (Minecraft) Starting integrated minecraft server version 26.1.2
[21:59:57] [Server thread/INFO] (Minecraft) Generating keypair
[21:59:57] [Server thread/INFO] (Curios API) Loaded 12 curio slots
[21:59:57] [Server thread/INFO] (Curios API) Loaded 1 curio entities
[21:59:57] [Server thread/INFO] (Minecraft) Loading 0 persistent chunks...
[21:59:57] [Server thread/INFO] (Minecraft) Saving chunks for level 'ServerLevel[New World]'/minecraft:overworld
[21:59:57] [Server thread/INFO] (Minecraft) Saving chunks for level 'ServerLevel[New World]'/minecraft:the_end
[21:59:57] [Server thread/INFO] (Minecraft) Saving chunks for level 'ServerLevel[New World]'/minecraft:the_nether
[21:59:57] [Server thread/INFO] (Minecraft) ThreadedAnvilChunkStorage (world): All chunks are saved
[21:59:57] [Server thread/INFO] (Minecraft) ThreadedAnvilChunkStorage (DIM1): All chunks are saved
[21:59:57] [Server thread/INFO] (Minecraft) ThreadedAnvilChunkStorage (DIM-1): All chunks are saved
[21:59:57] [Server thread/INFO] (Minecraft) ThreadedAnvilChunkStorage: All dimensions are saved
[21:59:57] [Server thread/INFO] (PermissionAPI) Successfully initialized permission handler neoforge:default_handler
[21:59:58] [Server thread/INFO] (Minecraft) Loading 49 chunks for player spawn...
[21:59:58] [Server thread/INFO] (Minecraft) Preparing spawn area: 16%
[21:59:58] [Server thread/INFO] (Minecraft) Preparing spawn area: 16%
[21:59:58] [Server thread/INFO] (Minecraft) Time elapsed: 851 ms
[21:59:58] [Server thread/INFO] (Minecraft) Dev[local:E:a4feb6f2] logged in with entity id 60 at (38.5, 81.0, -61.5)
[21:59:58] [Server thread/INFO] (Minecraft) Dev joined the game
[21:59:58] [Server thread/INFO] (Minecraft) Changing view distance to 16, from 10
[21:59:58] [Server thread/INFO] (Minecraft) Changing simulation distance to 12, from 0
[21:59:58] [Render thread/WARN] (Minecraft) Ignoring chat session from Dev due to missing Services public key
[21:59:58] [Render thread/INFO] (Minecraft) Loaded 11 advancements
[21:59:58] [Render thread/INFO] (Minecraft) Resizing Dynamic Transforms UBO, capacity limit of 2 reached during a single frame. New capacity will be 4.
[21:59:58] [Render thread/INFO] (Minecraft) Resizing Dynamic Transforms UBO, capacity limit of 4 reached during a single frame. New capacity will be 8.
[21:59:59] [Render thread/INFO] (Minecraft) Resizing Chunk Sections UBO, capacity limit of 2 reached during a single frame. New capacity will be 4.
[21:59:59] [Render thread/INFO] (Minecraft) Resizing Chunk Sections UBO, capacity limit of 4 reached during a single frame. New capacity will be 8.
[21:59:59] [Render thread/INFO] (Minecraft) Resizing Chunk Sections UBO, capacity limit of 8 reached during a single frame. New capacity will be 16.
[21:59:59] [Render thread/INFO] (Minecraft) Resizing Chunk Sections UBO, capacity limit of 16 reached during a single frame. New capacity will be 32.
[21:59:59] [Render thread/INFO] (Minecraft) Resizing Chunk Sections UBO, capacity limit of 32 reached during a single frame. New capacity will be 64.
[21:59:59] [Render thread/INFO] (Minecraft) Resizing Chunk Sections UBO, capacity limit of 64 reached during a single frame. New capacity will be 128.
[21:59:59] [Render thread/INFO] (Minecraft) Resizing Chunk Sections UBO, capacity limit of 128 reached during a single frame. New capacity will be 256.
[22:00:00] [Render thread/INFO] (Minecraft) Resizing Chunk Sections UBO, capacity limit of 256 reached during a single frame. New capacity will be 512.
[22:00:01] [Render thread/INFO] (Minecraft) Resizing Chunk Sections UBO, capacity limit of 512 reached during a single frame. New capacity will be 1024.
[22:00:56] [Server thread/INFO] (Minecraft) Saving and pausing game...
[22:00:56] [Server thread/INFO] (Minecraft) Saving chunks for level 'ServerLevel[New World]'/minecraft:overworld
[22:00:56] [Server thread/INFO] (Minecraft) Saving chunks for level 'ServerLevel[New World]'/minecraft:the_end
[22:00:56] [Server thread/INFO] (Minecraft) Saving chunks for level 'ServerLevel[New World]'/minecraft:the_nether
[22:00:57] [Server thread/INFO] (Minecraft) Stopping server
[22:00:57] [Server thread/INFO] (Minecraft) Saving players
[22:00:57] [Server thread/INFO] (Minecraft) Dev lost connection: Disconnected
[22:00:57] [Server thread/INFO] (Minecraft) Dev left the game
[22:00:57] [Server thread/INFO] (Minecraft) Stopping singleplayer server as player logged out
[22:00:57] [Server thread/INFO] (Minecraft) Saving worlds
[22:00:57] [Server thread/INFO] (Minecraft) Saving chunks for level 'ServerLevel[New World]'/minecraft:overworld
[22:01:01] [Server thread/INFO] (Minecraft) Saving chunks for level 'ServerLevel[New World]'/minecraft:the_end
[22:01:01] [Server thread/INFO] (Minecraft) Saving chunks for level 'ServerLevel[New World]'/minecraft:the_nether
[22:01:01] [Server thread/INFO] (Minecraft) ThreadedAnvilChunkStorage (world): All chunks are saved
[22:01:01] [Server thread/INFO] (Minecraft) ThreadedAnvilChunkStorage (DIM1): All chunks are saved
[22:01:01] [Server thread/INFO] (Minecraft) ThreadedAnvilChunkStorage (DIM-1): All chunks are saved
[22:01:01] [Server thread/INFO] (Minecraft) ThreadedAnvilChunkStorage: All dimensions are saved
[22:01:02] [Render thread/INFO] (Minecraft) Stopping!
