[13:56:45] [main/INFO] (FabricLoader/GameProvider) Loading Minecraft 1.21.1 with Fabric Loader 0.16.10
[13:56:45] [main/INFO] (FabricLoader) Loading 57 mods:
	- architectury 13.0.8
	- fabric-api 0.114.0+1.21.1
	- fabric-api-base 0.4.42+6573ed8c19
	- fabric-api-lookup-api-v1 1.6.70+b559734419
	- fabric-biome-api-v1 13.0.31+d527f9fd19
	- fabric-block-api-v1 1.0.22+0af3f5a719
	- fabric-block-view-api-v2 1.0.10+6573ed8c19
	- fabric-blockrenderlayer-v1 1.1.52+0af3f5a719
	- fabric-client-tags-api-v1 1.1.15+6573ed8c19
	- fabric-command-api-v1 1.2.49+f71b366f19
	- fabric-command-api-v2 2.2.28+6ced4dd919
	- fabric-commands-v0 0.2.66+df3654b319
	- fabric-content-registries-v0 8.0.18+b559734419
	- fabric-convention-tags-v1 2.1.2+7f945d5b19
	- fabric-convention-tags-v2 2.9.2+e60e56d419
	- fabric-crash-report-info-v1 0.2.29+0af3f5a719
	- fabric-data-attachment-api-v1 1.4.0+da19b51a19
	- fabric-data-generation-api-v1 20.2.25+16c4ae2519
	- fabric-dimensions-v1 4.0.0+6fc22b9919
	- fabric-entity-events-v1 1.7.0+2122d82819
	- fabric-events-interaction-v0 0.7.13+ba9dae0619
	- fabric-game-rule-api-v1 1.0.53+6ced4dd919
	- fabric-gametest-api-v1 2.0.5+6fc22b9919
	- fabric-item-api-v1 11.1.1+d5debaed19
	- fabric-item-group-api-v1 4.1.6+6823f7cd19
	- fabric-key-binding-api-v1 1.0.47+0af3f5a719
	- fabric-keybindings-v0 0.2.45+df3654b319
	- fabric-lifecycle-events-v1 2.5.0+01d9a51c19
	- fabric-loot-api-v2 3.0.15+3f89f5a519
	- fabric-loot-api-v3 1.0.3+3f89f5a519
	- fabric-message-api-v1 6.0.13+6573ed8c19
	- fabric-model-loading-api-v1 2.0.0+fe474d6b19
	- fabric-networking-api-v1 4.3.0+c7469b2119
	- fabric-object-builder-api-v1 15.2.1+40875a9319
	- fabric-particles-v1 4.0.2+6573ed8c19
	- fabric-recipe-api-v1 5.0.14+248df81c19
	- fabric-registry-sync-v0 5.2.0+34f5d91419
	- fabric-renderer-api-v1 3.4.0+c705a49c19
	- fabric-renderer-indigo 1.7.0+c705a49c19
	- fabric-renderer-registries-v1 3.2.68+df3654b319
	- fabric-rendering-data-attachment-v1 0.3.48+73761d2e19
	- fabric-rendering-fluids-v1 3.1.6+1daea21519
	- fabric-rendering-v0 1.1.71+df3654b319
	- fabric-rendering-v1 5.0.5+df16efd019
	- fabric-resource-conditions-api-v1 4.3.0+8dc279b119
	- fabric-resource-loader-v0 1.3.1+5b5275af19
	- fabric-screen-api-v1 2.0.25+8b68f1c719
	- fabric-screen-handler-api-v1 1.3.88+b559734419
	- fabric-sound-api-v1 1.0.23+6573ed8c19
	- fabric-transfer-api-v1 5.4.2+c24bd99419
	- fabric-transitive-access-wideners-v1 6.2.0+45b9699719
	- fabricloader 0.16.10
	- generated_981049b 1.0.0
	- java 21
	- minecraft 1.21.1
	- mixinextras 0.4.1
	- too_many_bows 1.0.0
[13:56:45] [main/INFO] (FabricLoader/Mixin) SpongePowered MIXIN Subsystem Version=0.8.7 Source=file:/C:/Users/noide/.gradle/caches/modules-2/files-2.1/net.fabricmc/sponge-mixin/0.15.4+mixin.0.8.7/6a12aacc794f1078458433116e9ed42c1cc98096/sponge-mixin-0.15.4+mixin.0.8.7.jar Service=Knot/Fabric Env=CLIENT
[13:56:45] [main/INFO] (FabricLoader/Mixin) Loaded Fabric development mappings for mixin remapper!
[13:56:45] [main/INFO] (FabricLoader/Mixin) Compatibility level set to JAVA_17
[13:56:45] [main/INFO] (FabricLoader/Mixin) Compatibility level set to JAVA_21
[13:56:46] [main/INFO] (FabricLoader/MixinExtras|Service) Initializing MixinExtras via com.llamalad7.mixinextras.service.MixinExtrasServiceImpl(version=0.4.1).
[13:56:47] [Datafixer Bootstrap/INFO] (Minecraft) 226 Datafixer optimizations took 338 milliseconds
[13:56:51] [Render thread/INFO] (Minecraft) Environment: Environment[sessionHost=https://sessionserver.mojang.com, servicesHost=https://api.minecraftservices.com, name=PROD]
[13:56:51] [Render thread/INFO] (Minecraft) Setting user: Player122
[13:56:51] [Render thread/ERROR] (Minecraft) No data fixer registered for frostbite_arrow
[13:56:51] [Render thread/ERROR] (Minecraft) No data fixer registered for too_many_bows:dragons_breath_arrow
[13:56:51] [Render thread/ERROR] (Minecraft) No data fixer registered for too_many_bows:sonic_boom_projectile
[13:56:51] [Render thread/ERROR] (Minecraft) No data fixer registered for venom_arrow
[13:56:51] [Render thread/ERROR] (Minecraft) No data fixer registered for flame_arrow
[13:56:51] [Render thread/ERROR] (Minecraft) No data fixer registered for tidal_arrow
[13:56:51] [Render thread/ERROR] (Minecraft) No data fixer registered for cursed_flame_arrow
[13:56:51] [Render thread/ERROR] (Minecraft) No data fixer registered for too_many_bows:lightning_arrow
[13:56:51] [Render thread/ERROR] (Minecraft) No data fixer registered for too_many_bows:wind_projectile
[13:56:51] [Render thread/ERROR] (Minecraft) No data fixer registered for too_many_bows:icicle_javelin
[13:56:51] [Render thread/ERROR] (Minecraft) No data fixer registered for too_many_bows:hunter_arrow
[13:56:51] [Render thread/ERROR] (Minecraft) No data fixer registered for too_many_bows:astral_arrow
[13:56:51] [Render thread/ERROR] (Minecraft) No data fixer registered for too_many_bows:hunter_xp_arrow
[13:56:51] [Render thread/ERROR] (Minecraft) No data fixer registered for too_many_bows:ancient_sage_arrow
[13:56:51] [Render thread/ERROR] (Minecraft) No data fixer registered for too_many_bows:sentinel_arrow
[13:56:51] [Render thread/ERROR] (Minecraft) No data fixer registered for too_many_bows:vitality_arrow
[13:56:51] [Render thread/ERROR] (Minecraft) No data fixer registered for too_many_bows:shulker_blast_projectile
[13:56:51] [Render thread/ERROR] (Minecraft) No data fixer registered for too_many_bows:spectral_arrow
[13:56:51] [Render thread/ERROR] (Minecraft) No data fixer registered for too_many_bows:aurora_arrow
[13:56:51] [Render thread/ERROR] (Minecraft) No data fixer registered for too_many_bows:aurora_arrow
[13:56:51] [Render thread/ERROR] (Minecraft) No data fixer registered for too_many_bows:radiant_arrow
[13:56:51] [Render thread/ERROR] (Minecraft) No data fixer registered for too_many_bows:dusk_reaper_arrow
[13:56:51] [Render thread/ERROR] (Minecraft) No data fixer registered for too_many_bows:ironclad_arrow
[13:56:51] [Render thread/ERROR] (Minecraft) No data fixer registered for too_many_bows:webstring_arrow
[13:56:51] [Render thread/INFO] (Indigo) [Indigo] Registering Indigo renderer!
[13:56:51] [Render thread/INFO] (NetworkManagerImpl) Registering S2C receiver with id architectury:spawn_entity_packet
[13:56:51] [Render thread/INFO] (Minecraft) Backend library: LWJGL version 3.3.3-snapshot
[13:56:52] [Render thread/INFO] (Minecraft) Reloading ResourceManager: vanilla, fabric, fabric-api, fabric-api-base, fabric-api-lookup-api-v1, fabric-biome-api-v1, fabric-block-api-v1, fabric-block-view-api-v2, fabric-blockrenderlayer-v1, fabric-client-tags-api-v1, fabric-command-api-v1, fabric-command-api-v2, fabric-commands-v0, fabric-content-registries-v0, fabric-convention-tags-v1, fabric-convention-tags-v2, fabric-crash-report-info-v1, fabric-data-attachment-api-v1, fabric-data-generation-api-v1, fabric-dimensions-v1, fabric-entity-events-v1, fabric-events-interaction-v0, fabric-game-rule-api-v1, fabric-gametest-api-v1, fabric-item-api-v1, fabric-item-group-api-v1, fabric-key-binding-api-v1, fabric-keybindings-v0, fabric-lifecycle-events-v1, fabric-loot-api-v2, fabric-loot-api-v3, fabric-message-api-v1, fabric-model-loading-api-v1, fabric-networking-api-v1, fabric-object-builder-api-v1, fabric-particles-v1, fabric-recipe-api-v1, fabric-registry-sync-v0, fabric-renderer-api-v1, fabric-renderer-indigo, fabric-renderer-registries-v1, fabric-rendering-data-attachment-v1, fabric-rendering-fluids-v1, fabric-rendering-v0, fabric-rendering-v1, fabric-resource-conditions-api-v1, fabric-resource-loader-v0, fabric-screen-api-v1, fabric-screen-handler-api-v1, fabric-sound-api-v1, fabric-transfer-api-v1, fabric-transitive-access-wideners-v1, fabricloader, generated_981049b
[13:56:52] [Worker-Main-13/INFO] (Minecraft) Found unifont_all_no_pua-15.1.05.hex, loading
[13:56:52] [Worker-Main-2/INFO] (Minecraft) Found unifont_jp_patch-15.1.05.hex, loading
[13:56:53] [Render thread/WARN] (Minecraft) Missing sound for event: minecraft:item.goat_horn.play
[13:56:53] [Render thread/WARN] (Minecraft) Missing sound for event: minecraft:entity.goat.screaming.horn_break
[13:56:53] [Render thread/INFO] (Minecraft) OpenAL initialized on device OpenAL Soft on Speakers (HyperX Quadcast)
[13:56:53] [Render thread/INFO] (Minecraft) Sound engine started
[13:56:53] [Render thread/INFO] (Minecraft) Created: 2048x1024x4 minecraft:textures/atlas/blocks.png-atlas
[13:56:53] [Render thread/INFO] (Minecraft) Created: 256x256x4 minecraft:textures/atlas/signs.png-atlas
[13:56:53] [Render thread/INFO] (Minecraft) Created: 512x512x4 minecraft:textures/atlas/banner_patterns.png-atlas
[13:56:53] [Render thread/INFO] (Minecraft) Created: 512x512x4 minecraft:textures/atlas/shield_patterns.png-atlas
[13:56:53] [Render thread/INFO] (Minecraft) Created: 1024x1024x4 minecraft:textures/atlas/armor_trims.png-atlas
[13:56:53] [Render thread/INFO] (Minecraft) Created: 128x64x4 minecraft:textures/atlas/decorated_pot.png-atlas
[13:56:53] [Render thread/INFO] (Minecraft) Created: 256x256x4 minecraft:textures/atlas/chest.png-atlas
[13:56:53] [Render thread/INFO] (Minecraft) Created: 512x256x4 minecraft:textures/atlas/beds.png-atlas
[13:56:53] [Render thread/INFO] (Minecraft) Created: 512x256x4 minecraft:textures/atlas/shulker_boxes.png-atlas
[13:56:53] [Render thread/INFO] (Minecraft) Created: 512x256x0 minecraft:textures/atlas/particles.png-atlas
[13:56:53] [Render thread/INFO] (Minecraft) Created: 512x256x0 minecraft:textures/atlas/paintings.png-atlas
[13:56:53] [Render thread/INFO] (Minecraft) Created: 256x128x0 minecraft:textures/atlas/mob_effects.png-atlas
[13:56:53] [Render thread/INFO] (Minecraft) Created: 64x64x0 minecraft:textures/atlas/map_decorations.png-atlas
[13:56:53] [Render thread/INFO] (Minecraft) Created: 1024x512x0 minecraft:textures/atlas/gui.png-atlas
[13:56:54] [Render thread/WARN] (Minecraft) Shader rendertype_entity_translucent_emissive could not find sampler named Sampler2 in the specified shader program.
[13:56:59] [Render thread/WARN] (Minecraft) Missing data pack generated_6d9bb3d
[13:56:59] [Render thread/INFO] (Minecraft) Found new data pack generated_981049b, loading it automatically
[13:56:59] [Render thread/ERROR] (Minecraft) Parsing error loading recipe too_many_bows:ethereal_hunter
com.google.gson.JsonParseException: Map entry 'C' : Failed to parse either. First: Input does not contain a key [fabric:type]: MapLike[{"item":"too_many_bows:repair_crystal"}]; Second: Failed to parse either. First: Not a json array: {"item":"too_many_bows:repair_crystal"}; Second: No key tag in MapLike[{"item":"too_many_bows:repair_crystal"}]; Unknown registry key in ResourceKey[minecraft:root / minecraft:item]: too_many_bows:repair_crystal
	at knot/com.mojang.serialization.DataResult$Error.getOrThrow(DataResult.java:287) ~[datafixerupper-8.0.16.jar:?]
	at knot/net.minecraft.world.item.crafting.RecipeManager.apply(RecipeManager.java:62) ~[minecraft-merged-0ea116fd0e-1.21.1-loom.mappings.1_21_1.layered+hash.40359-v2.jar:?]
	at knot/net.minecraft.world.item.crafting.RecipeManager.apply(RecipeManager.java:35) ~[minecraft-merged-0ea116fd0e-1.21.1-loom.mappings.1_21_1.layered+hash.40359-v2.jar:?]
	at knot/net.minecraft.server.packs.resources.SimplePreparableReloadListener.method_18790(SimplePreparableReloadListener.java:13) ~[minecraft-merged-0ea116fd0e-1.21.1-loom.mappings.1_21_1.layered+hash.40359-v2.jar:?]
	at java.base/java.util.concurrent.CompletableFuture$UniAccept.tryFire(CompletableFuture.java:718) ~[?:?]
	at java.base/java.util.concurrent.CompletableFuture$Completion.run(CompletableFuture.java:482) ~[?:?]
	at knot/net.minecraft.server.packs.resources.SimpleReloadInstance.method_18365(SimpleReloadInstance.java:69) ~[minecraft-merged-0ea116fd0e-1.21.1-loom.mappings.1_21_1.layered+hash.40359-v2.jar:?]
	at knot/net.minecraft.util.thread.BlockableEventLoop.doRunTask(BlockableEventLoop.java:162) ~[minecraft-merged-0ea116fd0e-1.21.1-loom.mappings.1_21_1.layered+hash.40359-v2.jar:?]
	at knot/net.minecraft.util.thread.ReentrantBlockableEventLoop.doRunTask(ReentrantBlockableEventLoop.java:23) ~[minecraft-merged-0ea116fd0e-1.21.1-loom.mappings.1_21_1.layered+hash.40359-v2.jar:?]
	at knot/net.minecraft.util.thread.BlockableEventLoop.pollTask(BlockableEventLoop.java:136) ~[minecraft-merged-0ea116fd0e-1.21.1-loom.mappings.1_21_1.layered+hash.40359-v2.jar:?]
	at knot/net.minecraft.util.thread.BlockableEventLoop.managedBlock(BlockableEventLoop.java:145) ~[minecraft-merged-0ea116fd0e-1.21.1-loom.mappings.1_21_1.layered+hash.40359-v2.jar:?]
	at knot/net.minecraft.client.gui.screens.worldselection.WorldOpenFlows.loadWorldDataBlocking(WorldOpenFlows.java:182) ~[minecraft-merged-0ea116fd0e-1.21.1-loom.mappings.1_21_1.layered+hash.40359-v2.jar:?]
	at knot/net.minecraft.client.gui.screens.worldselection.WorldOpenFlows.loadWorldStem(WorldOpenFlows.java:137) ~[minecraft-merged-0ea116fd0e-1.21.1-loom.mappings.1_21_1.layered+hash.40359-v2.jar:?]
	at knot/net.minecraft.client.gui.screens.worldselection.WorldOpenFlows.openWorldLoadLevelStem(WorldOpenFlows.java:323) ~[minecraft-merged-0ea116fd0e-1.21.1-loom.mappings.1_21_1.layered+hash.40359-v2.jar:?]
	at knot/net.minecraft.client.gui.screens.worldselection.WorldOpenFlows.openWorldCheckVersionCompatibility(WorldOpenFlows.java:313) ~[minecraft-merged-0ea116fd0e-1.21.1-loom.mappings.1_21_1.layered+hash.40359-v2.jar:?]
	at knot/net.minecraft.client.gui.screens.worldselection.WorldOpenFlows.openWorldLoadLevelData(WorldOpenFlows.java:278) ~[minecraft-merged-0ea116fd0e-1.21.1-loom.mappings.1_21_1.layered+hash.40359-v2.jar:?]
	at knot/net.minecraft.client.gui.screens.worldselection.WorldOpenFlows.openWorld(WorldOpenFlows.java:243) ~[minecraft-merged-0ea116fd0e-1.21.1-loom.mappings.1_21_1.layered+hash.40359-v2.jar:?]
	at knot/net.minecraft.client.gui.screens.worldselection.WorldSelectionList$WorldListEntry.joinWorld(WorldSelectionList.java:434) ~[minecraft-merged-0ea116fd0e-1.21.1-loom.mappings.1_21_1.layered+hash.40359-v2.jar:?]
	at knot/net.minecraft.client.gui.screens.worldselection.WorldSelectionList$WorldListEntry.mouseClicked(WorldSelectionList.java:411) ~[minecraft-merged-0ea116fd0e-1.21.1-loom.mappings.1_21_1.layered+hash.40359-v2.jar:?]
	at knot/net.minecraft.client.gui.components.AbstractSelectionList.mouseClicked(AbstractSelectionList.java:315) ~[minecraft-merged-0ea116fd0e-1.21.1-loom.mappings.1_21_1.layered+hash.40359-v2.jar:?]
	at knot/net.minecraft.client.gui.components.events.ContainerEventHandler.mouseClicked(ContainerEventHandler.java:38) ~[minecraft-merged-0ea116fd0e-1.21.1-loom.mappings.1_21_1.layered+hash.40359-v2.jar:?]
	at knot/net.minecraft.client.MouseHandler.method_1611(MouseHandler.java:107) ~[minecraft-merged-0ea116fd0e-1.21.1-loom.mappings.1_21_1.layered+hash.40359-v2.jar:?]
	at knot/net.minecraft.client.gui.screens.Screen.wrapScreenError(Screen.java:431) ~[minecraft-merged-0ea116fd0e-1.21.1-loom.mappings.1_21_1.layered+hash.40359-v2.jar:?]
	at knot/net.minecraft.client.MouseHandler.onPress(MouseHandler.java:107) ~[minecraft-merged-0ea116fd0e-1.21.1-loom.mappings.1_21_1.layered+hash.40359-v2.jar:?]
	at knot/net.minecraft.client.MouseHandler.method_22686(MouseHandler.java:196) ~[minecraft-merged-0ea116fd0e-1.21.1-loom.mappings.1_21_1.layered+hash.40359-v2.jar:?]
	at knot/net.minecraft.util.thread.BlockableEventLoop.execute(BlockableEventLoop.java:108) ~[minecraft-merged-0ea116fd0e-1.21.1-loom.mappings.1_21_1.layered+hash.40359-v2.jar:?]
	at knot/net.minecraft.client.MouseHandler.method_22684(MouseHandler.java:196) ~[minecraft-merged-0ea116fd0e-1.21.1-loom.mappings.1_21_1.layered+hash.40359-v2.jar:?]
	at knot/org.lwjgl.glfw.GLFWMouseButtonCallbackI.callback(GLFWMouseButtonCallbackI.java:43) [lwjgl-glfw-3.3.3.jar:?]
	at knot/org.lwjgl.system.JNI.invokeV(Native Method) ~[lwjgl-3.3.3.jar:?]
	at knot/org.lwjgl.glfw.GLFW.glfwWaitEventsTimeout(GLFW.java:3509) [lwjgl-glfw-3.3.3.jar:?]
	at knot/com.mojang.blaze3d.systems.RenderSystem.limitDisplayFPS(RenderSystem.java:184) [minecraft-merged-0ea116fd0e-1.21.1-loom.mappings.1_21_1.layered+hash.40359-v2.jar:?]
	at knot/net.minecraft.client.Minecraft.runTick(Minecraft.java:1310) [minecraft-merged-0ea116fd0e-1.21.1-loom.mappings.1_21_1.layered+hash.40359-v2.jar:?]
	at knot/net.minecraft.client.Minecraft.run(Minecraft.java:882) [minecraft-merged-0ea116fd0e-1.21.1-loom.mappings.1_21_1.layered+hash.40359-v2.jar:?]
	at knot/net.minecraft.client.main.Main.main(Main.java:256) [minecraft-merged-0ea116fd0e-1.21.1-loom.mappings.1_21_1.layered+hash.40359-v2.jar:?]
	at net.fabricmc.loader.impl.game.minecraft.MinecraftGameProvider.launch(MinecraftGameProvider.java:480) [fabric-loader-0.16.10.jar:?]
	at net.fabricmc.loader.impl.launch.knot.Knot.launch(Knot.java:74) [fabric-loader-0.16.10.jar:?]
	at net.fabricmc.loader.impl.launch.knot.KnotClient.main(KnotClient.java:23) [fabric-loader-0.16.10.jar:?]
	at net.fabricmc.devlaunchinjector.Main.main(Main.java:86) [dev-launch-injector-0.2.1+build.8.jar:?]
	at dev.architectury.transformer.TransformerRuntime.main(TransformerRuntime.java:220) [architectury-transformer-5.2.87-runtime.jar:5.2.87]
[13:56:59] [Render thread/INFO] (Minecraft) Loaded 1305 recipes
[13:57:00] [Render thread/INFO] (Minecraft) Loaded 1399 advancements
[13:57:00] [Render thread/INFO] (BiomeModificationImpl) Applied 0 biome modifications to 0 of 64 new biomes in 915.8 μs
[13:57:00] [Server thread/INFO] (Minecraft) Starting integrated minecraft server version 1.21.1
[13:57:00] [Server thread/INFO] (Minecraft) Generating keypair
[13:57:00] [Server thread/INFO] (Minecraft) Preparing start region for dimension minecraft:overworld
[13:57:01] [Render thread/INFO] (Minecraft) Preparing spawn area: 0%
[13:57:01] [Render thread/INFO] (Minecraft) Time elapsed: 272 ms
[13:57:01] [Server thread/INFO] (Minecraft) Changing view distance to 12, from 10
[13:57:01] [Server thread/INFO] (Minecraft) Changing simulation distance to 12, from 0
[13:57:01] [Server thread/INFO] (Minecraft) Player122[local:E:b634e4af] logged in with entity id 83 at (229.45846105246827, 72.0, 234.0603183472802)
[13:57:01] [Server thread/INFO] (Minecraft) Player122 joined the game
[13:57:02] [Render thread/INFO] (Minecraft) Loaded 2 advancements
[13:58:09] [Server thread/INFO] (Minecraft) Saving and pausing game...
[13:58:09] [Server thread/INFO] (Minecraft) Saving chunks for level 'ServerLevel[New World]'/minecraft:overworld
[13:58:09] [Server thread/INFO] (Minecraft) Saving chunks for level 'ServerLevel[New World]'/minecraft:the_nether
[13:58:09] [Server thread/INFO] (Minecraft) Saving chunks for level 'ServerLevel[New World]'/minecraft:the_end
[13:58:09] [Render thread/INFO] (Minecraft) Stopping!
[13:58:09] [Server thread/INFO] (Minecraft) Player122 lost connection: Disconnected
[13:58:09] [Server thread/INFO] (Minecraft) Player122 left the game
[13:58:09] [Server thread/INFO] (Minecraft) Stopping singleplayer server as player logged out
[13:58:09] [Server thread/INFO] (Minecraft) Stopping server
[13:58:09] [Server thread/INFO] (Minecraft) Saving players
[13:58:09] [Server thread/INFO] (Minecraft) Saving worlds
[13:58:09] [Server thread/INFO] (Minecraft) Saving chunks for level 'ServerLevel[New World]'/minecraft:overworld
[13:58:10] [Server thread/INFO] (Minecraft) Saving chunks for level 'ServerLevel[New World]'/minecraft:the_nether
[13:58:10] [Server thread/INFO] (Minecraft) Saving chunks for level 'ServerLevel[New World]'/minecraft:the_end
[13:58:10] [Server thread/INFO] (Minecraft) ThreadedAnvilChunkStorage (New World): All chunks are saved
[13:58:10] [Server thread/INFO] (Minecraft) ThreadedAnvilChunkStorage (DIM-1): All chunks are saved
[13:58:10] [Server thread/INFO] (Minecraft) ThreadedAnvilChunkStorage (DIM1): All chunks are saved
[13:58:10] [Server thread/INFO] (Minecraft) ThreadedAnvilChunkStorage: All dimensions are saved
