[Architectury Transformer] Architectury Runtime 5.2.87
[Architectury Transformer DEBUG] Closed File Systems for D:\bandits mod development\Too Many Bows\common\build\devlibs\too_many_bows-common-3.0.0-dev.jar
[Architectury Transformer DEBUG] Preparing tiny remapper prepared transformer: dev.architectury.transformer.handler.TinyRemapperPreparedTransformerHandler
[Architectury Transformer DEBUG] Provided 111 classpath jar(s):
[Architectury Transformer DEBUG]  - C:\Users\noide\.gradle\caches\modules-2\files-2.1\dev.architectury\architectury-injectables\1.0.10\62db2a366d662606d1b23ad02ccc3212ed37ec3\architectury-injectables-1.0.10.jar
[Architectury Transformer DEBUG]  - C:\Users\noide\.gradle\caches\modules-2\files-2.1\net.fabricmc\fabric-loader\0.16.9\7eaa23079ac1569963e488054db124c7eb984f05\fabric-loader-0.16.9.jar
[Architectury Transformer DEBUG]  - C:\Users\noide\.gradle\caches\modules-2\files-2.1\org.jetbrains\annotations\24.1.0\7af6a669488450c4a07c2c3254e2151df42d7d04\annotations-24.1.0.jar
[Architectury Transformer DEBUG]  - C:\Users\noide\.gradle\caches\modules-2\files-2.1\org.ow2.asm\asm\9.6\aa205cf0a06dbd8e04ece91c0b37c3f5d567546a\asm-9.6.jar
[Architectury Transformer DEBUG]  - C:\Users\noide\.gradle\caches\modules-2\files-2.1\org.ow2.asm\asm-analysis\9.6\9ce6c7b174bd997fc2552dff47964546bd7a5ec3\asm-analysis-9.6.jar
[Architectury Transformer DEBUG]  - C:\Users\noide\.gradle\caches\modules-2\files-2.1\org.ow2.asm\asm-commons\9.6\f1a9e5508eff490744144565c47326c8648be309\asm-commons-9.6.jar
[Architectury Transformer DEBUG]  - C:\Users\noide\.gradle\caches\modules-2\files-2.1\org.ow2.asm\asm-tree\9.6\c0cdda9d211e965d2a4448aa3fd86110f2f8c2de\asm-tree-9.6.jar
[Architectury Transformer DEBUG]  - C:\Users\noide\.gradle\caches\modules-2\files-2.1\org.ow2.asm\asm-util\9.6\f77caf84eb93786a749b2baa40865b9613e3eaee\asm-util-9.6.jar
[Architectury Transformer DEBUG]  - C:\Users\noide\.gradle\caches\modules-2\files-2.1\net.fabricmc\sponge-mixin\0.15.3+mixin.0.8.7\51ee0a44ab05f6fddd66b09e66b3a16904f9c55d\sponge-mixin-0.15.3+mixin.0.8.7.jar
[Architectury Transformer DEBUG]  - C:\Users\noide\.gradle\caches\modules-2\files-2.1\io.github.llamalad7\mixinextras-fabric\0.4.1\8d1a9e96afb990367fa1f904d17580d164da72e3\mixinextras-fabric-0.4.1.jar
[Architectury Transformer DEBUG]  - C:\Users\noide\.gradle\caches\modules-2\files-2.1\com.github.oshi\oshi-core\6.2.2\54f5efc19bca95d709d9a37d19ffcbba3d21c1a6\oshi-core-6.2.2.jar
[Architectury Transformer DEBUG]  - C:\Users\noide\.gradle\caches\modules-2\files-2.1\com.google.code.gson\gson\2.10\dd9b193aef96e973d5a11ab13cd17430c2e4306b\gson-2.10.jar
[Architectury Transformer DEBUG]  - C:\Users\noide\.gradle\caches\modules-2\files-2.1\com.google.guava\failureaccess\1.0.1\1dcf1de382a0bf95a3d8b0849546c88bac1292c9\failureaccess-1.0.1.jar
[Architectury Transformer DEBUG]  - C:\Users\noide\.gradle\caches\modules-2\files-2.1\com.google.guava\guava\31.1-jre\60458f877d055d0c9114d9e1a2efb737b4bc282c\guava-31.1-jre.jar
[Architectury Transformer DEBUG]  - C:\Users\noide\.gradle\caches\modules-2\files-2.1\com.ibm.icu\icu4j\71.1\9e7d3304c23f9ba5cb71915f7cce23231a57a445\icu4j-71.1.jar
[Architectury Transformer DEBUG]  - C:\Users\noide\.gradle\caches\modules-2\files-2.1\com.mojang\authlib\4.0.43\2ff9d747a77570a07a60d32ac77eb6162ad2a2d9\authlib-4.0.43.jar
[Architectury Transformer DEBUG]  - C:\Users\noide\.gradle\caches\modules-2\files-2.1\com.mojang\blocklist\1.0.10\5c685c5ffa94c4cd39496c7184c1d122e515ecef\blocklist-1.0.10.jar
[Architectury Transformer DEBUG]  - C:\Users\noide\.gradle\caches\modules-2\files-2.1\com.mojang\brigadier\1.1.8\5244ce82c3337bba4a196a3ce858bfaecc74404a\brigadier-1.1.8.jar
[Architectury Transformer DEBUG]  - C:\Users\noide\.gradle\caches\modules-2\files-2.1\com.mojang\datafixerupper\6.0.8\3ba4a30557a9b057760af4011f909ba619fc5125\datafixerupper-6.0.8.jar
[Architectury Transformer DEBUG]  - C:\Users\noide\.gradle\caches\modules-2\files-2.1\com.mojang\logging\1.1.1\832b8e6674a9b325a5175a3a6267dfaf34c85139\logging-1.1.1.jar
[Architectury Transformer DEBUG]  - C:\Users\noide\.gradle\caches\modules-2\files-2.1\com.mojang\patchy\2.2.10\da05971b07cbb379d002cf7eaec6a2048211fefc\patchy-2.2.10.jar
[Architectury Transformer DEBUG]  - C:\Users\noide\.gradle\caches\modules-2\files-2.1\com.mojang\text2speech\1.17.9\3cad216e3a7f0c19b4b394388bc9ffc446f13b14\text2speech-1.17.9.jar
[Architectury Transformer DEBUG]  - C:\Users\noide\.gradle\caches\modules-2\files-2.1\commons-codec\commons-codec\1.15\49d94806b6e3dc933dacbd8acb0fdbab8ebd1e5d\commons-codec-1.15.jar
[Architectury Transformer DEBUG]  - C:\Users\noide\.gradle\caches\modules-2\files-2.1\commons-io\commons-io\2.11.0\a2503f302b11ebde7ebc3df41daebe0e4eea3689\commons-io-2.11.0.jar
[Architectury Transformer DEBUG]  - C:\Users\noide\.gradle\caches\modules-2\files-2.1\commons-logging\commons-logging\1.2\4bfc12adfe4842bf07b657f0369c4cb522955686\commons-logging-1.2.jar
[Architectury Transformer DEBUG]  - C:\Users\noide\.gradle\caches\modules-2\files-2.1\io.netty\netty-buffer\4.1.82.Final\a544270cf1ae8b8077082f5036436a9a9971ea71\netty-buffer-4.1.82.Final.jar
[Architectury Transformer DEBUG]  - C:\Users\noide\.gradle\caches\modules-2\files-2.1\io.netty\netty-codec\4.1.82.Final\b77200379acb345a9ffdece1c605e591ac3e4e0a\netty-codec-4.1.82.Final.jar
[Architectury Transformer DEBUG]  - C:\Users\noide\.gradle\caches\modules-2\files-2.1\io.netty\netty-common\4.1.82.Final\22d148e85c3f5ebdacc0ce1f5aabb1d420f73f3\netty-common-4.1.82.Final.jar
[Architectury Transformer DEBUG]  - C:\Users\noide\.gradle\caches\modules-2\files-2.1\io.netty\netty-handler\4.1.82.Final\644041d1fa96a5d3130a29e8978630d716d76e38\netty-handler-4.1.82.Final.jar
[Architectury Transformer DEBUG]  - C:\Users\noide\.gradle\caches\modules-2\files-2.1\io.netty\netty-resolver\4.1.82.Final\38f665ae8dcd29032eea31245ba7806bed2e0fa8\netty-resolver-4.1.82.Final.jar
[Architectury Transformer DEBUG]  - C:\Users\noide\.gradle\caches\modules-2\files-2.1\io.netty\netty-transport-classes-epoll\4.1.82.Final\e7c7dd18deac93105797f30057c912651ea76521\netty-transport-classes-epoll-4.1.82.Final.jar
[Architectury Transformer DEBUG]  - C:\Users\noide\.gradle\caches\modules-2\files-2.1\io.netty\netty-transport-native-unix-common\4.1.82.Final\3e895b35ca1b8a0eca56cacff4c2dde5d2c6abce\netty-transport-native-unix-common-4.1.82.Final.jar
[Architectury Transformer DEBUG]  - C:\Users\noide\.gradle\caches\modules-2\files-2.1\io.netty\netty-transport\4.1.82.Final\e431a218d91acb6476ccad5f5aafde50aa3945ca\netty-transport-4.1.82.Final.jar
[Architectury Transformer DEBUG]  - C:\Users\noide\.gradle\caches\modules-2\files-2.1\it.unimi.dsi\fastutil\8.5.9\bb7ea75ecdb216654237830b3a96d87ad91f8cc5\fastutil-8.5.9.jar
[Architectury Transformer DEBUG]  - C:\Users\noide\.gradle\caches\modules-2\files-2.1\net.java.dev.jna\jna-platform\5.12.1\97406a297c852f4a41e688a176ec675f72e8329\jna-platform-5.12.1.jar
[Architectury Transformer DEBUG]  - C:\Users\noide\.gradle\caches\modules-2\files-2.1\net.java.dev.jna\jna\5.12.1\b1e93a735caea94f503e95e6fe79bf9cdc1e985d\jna-5.12.1.jar
[Architectury Transformer DEBUG]  - C:\Users\noide\.gradle\caches\modules-2\files-2.1\net.sf.jopt-simple\jopt-simple\5.0.4\4fdac2fbe92dfad86aa6e9301736f6b4342a3f5c\jopt-simple-5.0.4.jar
[Architectury Transformer DEBUG]  - C:\Users\noide\.gradle\caches\modules-2\files-2.1\org.apache.commons\commons-compress\1.21\4ec95b60d4e86b5c95a0e919cb172a0af98011ef\commons-compress-1.21.jar
[Architectury Transformer DEBUG]  - C:\Users\noide\.gradle\caches\modules-2\files-2.1\org.apache.commons\commons-lang3\3.12.0\c6842c86792ff03b9f1d1fe2aab8dc23aa6c6f0e\commons-lang3-3.12.0.jar
[Architectury Transformer DEBUG]  - C:\Users\noide\.gradle\caches\modules-2\files-2.1\org.apache.httpcomponents\httpclient\4.5.13\e5f6cae5ca7ecaac1ec2827a9e2d65ae2869cada\httpclient-4.5.13.jar
[Architectury Transformer DEBUG]  - C:\Users\noide\.gradle\caches\modules-2\files-2.1\org.apache.httpcomponents\httpcore\4.4.15\7f2e0c573eaa7a74bac2e89b359e1f73d92a0a1d\httpcore-4.4.15.jar
[Architectury Transformer DEBUG]  - C:\Users\noide\.gradle\caches\modules-2\files-2.1\org.apache.logging.log4j\log4j-api\2.19.0\ea1b37f38c327596b216542bc636cfdc0b8036fa\log4j-api-2.19.0.jar
[Architectury Transformer DEBUG]  - C:\Users\noide\.gradle\caches\modules-2\files-2.1\org.apache.logging.log4j\log4j-core\2.19.0\3b6eeb4de4c49c0fe38a4ee27188ff5fee44d0bb\log4j-core-2.19.0.jar
[Architectury Transformer DEBUG]  - C:\Users\noide\.gradle\caches\modules-2\files-2.1\org.apache.logging.log4j\log4j-slf4j2-impl\2.19.0\5c04bfdd63ce9dceb2e284b81e96b6a70010ee10\log4j-slf4j2-impl-2.19.0.jar
[Architectury Transformer DEBUG]  - C:\Users\noide\.gradle\caches\modules-2\files-2.1\org.joml\joml\1.10.5\22566d58af70ad3d72308bab63b8339906deb649\joml-1.10.5.jar
[Architectury Transformer DEBUG]  - C:\Users\noide\.gradle\caches\modules-2\files-2.1\org.lwjgl\lwjgl-glfw\3.3.1\cbac1b8d30cb4795149c1ef540f912671a8616d0\lwjgl-glfw-3.3.1.jar
[Architectury Transformer DEBUG]  - C:\Users\noide\.gradle\caches\modules-2\files-2.1\org.lwjgl\lwjgl-jemalloc\3.3.1\a817bcf213db49f710603677457567c37d53e103\lwjgl-jemalloc-3.3.1.jar
[Architectury Transformer DEBUG]  - C:\Users\noide\.gradle\caches\modules-2\files-2.1\org.lwjgl\lwjgl-openal\3.3.1\2623a6b8ae1dfcd880738656a9f0243d2e6840bd\lwjgl-openal-3.3.1.jar
[Architectury Transformer DEBUG]  - C:\Users\noide\.gradle\caches\modules-2\files-2.1\org.lwjgl\lwjgl-opengl\3.3.1\831a5533a21a5f4f81bbc51bb13e9899319b5411\lwjgl-opengl-3.3.1.jar
[Architectury Transformer DEBUG]  - C:\Users\noide\.gradle\caches\modules-2\files-2.1\org.lwjgl\lwjgl-stb\3.3.1\b119297cf8ed01f247abe8685857f8e7fcf5980f\lwjgl-stb-3.3.1.jar
[Architectury Transformer DEBUG]  - C:\Users\noide\.gradle\caches\modules-2\files-2.1\org.lwjgl\lwjgl-tinyfd\3.3.1\ff1914111ef2e3e0110ef2dabc8d8cdaad82347\lwjgl-tinyfd-3.3.1.jar
[Architectury Transformer DEBUG]  - C:\Users\noide\.gradle\caches\modules-2\files-2.1\org.lwjgl\lwjgl\3.3.1\ae58664f88e18a9bb2c77b063833ca7aaec484cb\lwjgl-3.3.1.jar
[Architectury Transformer DEBUG]  - C:\Users\noide\.gradle\caches\modules-2\files-2.1\org.slf4j\slf4j-api\2.0.1\f48d81adce2abf5ad3cfe463df517952749e03bc\slf4j-api-2.0.1.jar
[Architectury Transformer DEBUG]  - D:\bandits mod development\Too Many Bows\.gradle\loom-cache\minecraftMaven\net\minecraft\minecraft-merged-9b38c06a74\1.20.1-loom.mappings.1_20_1.layered+hash.40359-v2\minecraft-merged-9b38c06a74-1.20.1-loom.mappings.1_20_1.layered+hash.40359-v2.jar
[Architectury Transformer DEBUG]  - C:\Users\noide\.gradle\caches\modules-2\files-2.1\io.netty\netty-transport-native-epoll\4.1.82.Final\c7350a71920f3ae9142945e25fed4846cce53374\netty-transport-native-epoll-4.1.82.Final-linux-x86_64.jar
[Architectury Transformer DEBUG]  - C:\Users\noide\.gradle\caches\modules-2\files-2.1\io.netty\netty-transport-native-epoll\4.1.82.Final\476409d6255001ca53a55f65b01c13822f8dc93a\netty-transport-native-epoll-4.1.82.Final-linux-aarch_64.jar
[Architectury Transformer DEBUG]  - D:\bandits mod development\Too Many Bows\.gradle\loom-cache\remapped_mods\loom_mappings_1_20_1_layered_hash_40359_v2\net\fabricmc\fabric-api\fabric-api\0.92.2+1.20.1\fabric-api-0.92.2+1.20.1.jar
[Architectury Transformer DEBUG]  - D:\bandits mod development\Too Many Bows\.gradle\loom-cache\remapped_mods\loom_mappings_1_20_1_layered_hash_40359_v2\dev\architectury\architectury-fabric\9.2.14\architectury-fabric-9.2.14.jar
[Architectury Transformer DEBUG]  - D:\bandits mod development\Too Many Bows\.gradle\loom-cache\remapped_mods\loom_mappings_1_20_1_layered_hash_40359_v2\net\fabricmc\fabric-api\fabric-transfer-api-v1\3.3.5+8dd72ea377\fabric-transfer-api-v1-3.3.5+8dd72ea377.jar
[Architectury Transformer DEBUG]  - D:\bandits mod development\Too Many Bows\.gradle\loom-cache\remapped_mods\loom_mappings_1_20_1_layered_hash_40359_v2\net\fabricmc\fabric-api\fabric-api-lookup-api-v1\1.6.36+1802ada577\fabric-api-lookup-api-v1-1.6.36+1802ada577.jar
[Architectury Transformer DEBUG]  - D:\bandits mod development\Too Many Bows\.gradle\loom-cache\remapped_mods\loom_mappings_1_20_1_layered_hash_40359_v2\net\fabricmc\fabric-api\fabric-blockrenderlayer-v1\1.1.41+1802ada577\fabric-blockrenderlayer-v1-1.1.41+1802ada577.jar
[Architectury Transformer DEBUG]  - D:\bandits mod development\Too Many Bows\.gradle\loom-cache\remapped_mods\loom_mappings_1_20_1_layered_hash_40359_v2\net\fabricmc\fabric-api\fabric-client-tags-api-v1\1.1.2+1802ada577\fabric-client-tags-api-v1-1.1.2+1802ada577.jar
[Architectury Transformer DEBUG]  - D:\bandits mod development\Too Many Bows\.gradle\loom-cache\remapped_mods\loom_mappings_1_20_1_layered_hash_40359_v2\net\fabricmc\fabric-api\fabric-command-api-v1\1.2.34+f71b366f77\fabric-command-api-v1-1.2.34+f71b366f77.jar
[Architectury Transformer DEBUG]  - D:\bandits mod development\Too Many Bows\.gradle\loom-cache\remapped_mods\loom_mappings_1_20_1_layered_hash_40359_v2\net\fabricmc\fabric-api\fabric-commands-v0\0.2.51+df3654b377\fabric-commands-v0-0.2.51+df3654b377.jar
[Architectury Transformer DEBUG]  - D:\bandits mod development\Too Many Bows\.gradle\loom-cache\remapped_mods\loom_mappings_1_20_1_layered_hash_40359_v2\net\fabricmc\fabric-api\fabric-command-api-v2\2.2.13+1802ada577\fabric-command-api-v2-2.2.13+1802ada577.jar
[Architectury Transformer DEBUG]  - D:\bandits mod development\Too Many Bows\.gradle\loom-cache\remapped_mods\loom_mappings_1_20_1_layered_hash_40359_v2\net\fabricmc\fabric-api\fabric-content-registries-v0\4.0.11+1802ada577\fabric-content-registries-v0-4.0.11+1802ada577.jar
[Architectury Transformer DEBUG]  - D:\bandits mod development\Too Many Bows\.gradle\loom-cache\remapped_mods\loom_mappings_1_20_1_layered_hash_40359_v2\net\fabricmc\fabric-api\fabric-convention-tags-v1\1.5.5+1802ada577\fabric-convention-tags-v1-1.5.5+1802ada577.jar
[Architectury Transformer DEBUG]  - D:\bandits mod development\Too Many Bows\.gradle\loom-cache\remapped_mods\loom_mappings_1_20_1_layered_hash_40359_v2\net\fabricmc\fabric-api\fabric-data-attachment-api-v1\1.0.0+de0fd6d177\fabric-data-attachment-api-v1-1.0.0+de0fd6d177.jar
[Architectury Transformer DEBUG]  - D:\bandits mod development\Too Many Bows\.gradle\loom-cache\remapped_mods\loom_mappings_1_20_1_layered_hash_40359_v2\net\fabricmc\fabric-api\fabric-data-generation-api-v1\12.3.4+1802ada577\fabric-data-generation-api-v1-12.3.4+1802ada577.jar
[Architectury Transformer DEBUG]  - D:\bandits mod development\Too Many Bows\.gradle\loom-cache\remapped_mods\loom_mappings_1_20_1_layered_hash_40359_v2\net\fabricmc\fabric-api\fabric-dimensions-v1\2.1.54+1802ada577\fabric-dimensions-v1-2.1.54+1802ada577.jar
[Architectury Transformer DEBUG]  - D:\bandits mod development\Too Many Bows\.gradle\loom-cache\remapped_mods\loom_mappings_1_20_1_layered_hash_40359_v2\net\fabricmc\fabric-api\fabric-entity-events-v1\1.6.0+1c78457f77\fabric-entity-events-v1-1.6.0+1c78457f77.jar
[Architectury Transformer DEBUG]  - D:\bandits mod development\Too Many Bows\.gradle\loom-cache\remapped_mods\loom_mappings_1_20_1_layered_hash_40359_v2\net\fabricmc\fabric-api\fabric-events-interaction-v0\0.6.2+1802ada577\fabric-events-interaction-v0-0.6.2+1802ada577.jar
[Architectury Transformer DEBUG]  - D:\bandits mod development\Too Many Bows\.gradle\loom-cache\remapped_mods\loom_mappings_1_20_1_layered_hash_40359_v2\net\fabricmc\fabric-api\fabric-gametest-api-v1\1.2.13+1802ada577\fabric-gametest-api-v1-1.2.13+1802ada577.jar
[Architectury Transformer DEBUG]  - D:\bandits mod development\Too Many Bows\.gradle\loom-cache\remapped_mods\loom_mappings_1_20_1_layered_hash_40359_v2\net\fabricmc\fabric-api\fabric-events-lifecycle-v0\0.2.63+df3654b377\fabric-events-lifecycle-v0-0.2.63+df3654b377.jar
[Architectury Transformer DEBUG]  - D:\bandits mod development\Too Many Bows\.gradle\loom-cache\remapped_mods\loom_mappings_1_20_1_layered_hash_40359_v2\net\fabricmc\fabric-api\fabric-item-api-v1\2.1.28+1802ada577\fabric-item-api-v1-2.1.28+1802ada577.jar
[Architectury Transformer DEBUG]  - D:\bandits mod development\Too Many Bows\.gradle\loom-cache\remapped_mods\loom_mappings_1_20_1_layered_hash_40359_v2\net\fabricmc\fabric-api\fabric-item-group-api-v1\4.0.12+1802ada577\fabric-item-group-api-v1-4.0.12+1802ada577.jar
[Architectury Transformer DEBUG]  - D:\bandits mod development\Too Many Bows\.gradle\loom-cache\remapped_mods\loom_mappings_1_20_1_layered_hash_40359_v2\net\fabricmc\fabric-api\fabric-mining-level-api-v1\2.1.50+1802ada577\fabric-mining-level-api-v1-2.1.50+1802ada577.jar
[Architectury Transformer DEBUG]  - D:\bandits mod development\Too Many Bows\.gradle\loom-cache\remapped_mods\loom_mappings_1_20_1_layered_hash_40359_v2\net\fabricmc\fabric-api\fabric-lifecycle-events-v1\2.2.22+1802ada577\fabric-lifecycle-events-v1-2.2.22+1802ada577.jar
[Architectury Transformer DEBUG]  - D:\bandits mod development\Too Many Bows\.gradle\loom-cache\remapped_mods\loom_mappings_1_20_1_layered_hash_40359_v2\net\fabricmc\fabric-api\fabric-loot-tables-v1\1.1.45+9e7660c677\fabric-loot-tables-v1-1.1.45+9e7660c677.jar
[Architectury Transformer DEBUG]  - D:\bandits mod development\Too Many Bows\.gradle\loom-cache\remapped_mods\loom_mappings_1_20_1_layered_hash_40359_v2\net\fabricmc\fabric-api\fabric-loot-api-v2\1.2.1+1802ada577\fabric-loot-api-v2-1.2.1+1802ada577.jar
[Architectury Transformer DEBUG]  - D:\bandits mod development\Too Many Bows\.gradle\loom-cache\remapped_mods\loom_mappings_1_20_1_layered_hash_40359_v2\net\fabricmc\fabric-api\fabric-message-api-v1\5.1.9+1802ada577\fabric-message-api-v1-5.1.9+1802ada577.jar
[Architectury Transformer DEBUG]  - D:\bandits mod development\Too Many Bows\.gradle\loom-cache\remapped_mods\loom_mappings_1_20_1_layered_hash_40359_v2\net\fabricmc\fabric-api\fabric-models-v0\0.4.2+9386d8a777\fabric-models-v0-0.4.2+9386d8a777.jar
[Architectury Transformer DEBUG]  - D:\bandits mod development\Too Many Bows\.gradle\loom-cache\remapped_mods\loom_mappings_1_20_1_layered_hash_40359_v2\net\fabricmc\fabric-api\fabric-model-loading-api-v1\1.0.3+1802ada577\fabric-model-loading-api-v1-1.0.3+1802ada577.jar
[Architectury Transformer DEBUG]  - D:\bandits mod development\Too Many Bows\.gradle\loom-cache\remapped_mods\loom_mappings_1_20_1_layered_hash_40359_v2\net\fabricmc\fabric-api\fabric-recipe-api-v1\1.0.21+1802ada577\fabric-recipe-api-v1-1.0.21+1802ada577.jar
[Architectury Transformer DEBUG]  - D:\bandits mod development\Too Many Bows\.gradle\loom-cache\remapped_mods\loom_mappings_1_20_1_layered_hash_40359_v2\net\fabricmc\fabric-api\fabric-registry-sync-v0\2.3.3+1802ada577\fabric-registry-sync-v0-2.3.3+1802ada577.jar
[Architectury Transformer DEBUG]  - D:\bandits mod development\Too Many Bows\.gradle\loom-cache\remapped_mods\loom_mappings_1_20_1_layered_hash_40359_v2\net\fabricmc\fabric-api\fabric-screen-handler-api-v1\1.3.30+1802ada577\fabric-screen-handler-api-v1-1.3.30+1802ada577.jar
[Architectury Transformer DEBUG]  - D:\bandits mod development\Too Many Bows\.gradle\loom-cache\remapped_mods\loom_mappings_1_20_1_layered_hash_40359_v2\net\fabricmc\fabric-api\fabric-containers-v0\0.1.64+df3654b377\fabric-containers-v0-0.1.64+df3654b377.jar
[Architectury Transformer DEBUG]  - D:\bandits mod development\Too Many Bows\.gradle\loom-cache\remapped_mods\loom_mappings_1_20_1_layered_hash_40359_v2\net\fabricmc\fabric-api\fabric-networking-v0\0.3.51+df3654b377\fabric-networking-v0-0.3.51+df3654b377.jar
[Architectury Transformer DEBUG]  - D:\bandits mod development\Too Many Bows\.gradle\loom-cache\remapped_mods\loom_mappings_1_20_1_layered_hash_40359_v2\net\fabricmc\fabric-api\fabric-networking-api-v1\1.3.11+1802ada577\fabric-networking-api-v1-1.3.11+1802ada577.jar
[Architectury Transformer DEBUG]  - D:\bandits mod development\Too Many Bows\.gradle\loom-cache\remapped_mods\loom_mappings_1_20_1_layered_hash_40359_v2\net\fabricmc\fabric-api\fabric-object-builder-api-v1\11.1.3+1802ada577\fabric-object-builder-api-v1-11.1.3+1802ada577.jar
[Architectury Transformer DEBUG]  - D:\bandits mod development\Too Many Bows\.gradle\loom-cache\remapped_mods\loom_mappings_1_20_1_layered_hash_40359_v2\net\fabricmc\fabric-api\fabric-particles-v1\1.1.2+1802ada577\fabric-particles-v1-1.1.2+1802ada577.jar
[Architectury Transformer DEBUG]  - D:\bandits mod development\Too Many Bows\.gradle\loom-cache\remapped_mods\loom_mappings_1_20_1_layered_hash_40359_v2\net\fabricmc\fabric-api\fabric-renderer-indigo\1.5.2+85287f9f77\fabric-renderer-indigo-1.5.2+85287f9f77.jar
[Architectury Transformer DEBUG]  - D:\bandits mod development\Too Many Bows\.gradle\loom-cache\remapped_mods\loom_mappings_1_20_1_layered_hash_40359_v2\net\fabricmc\fabric-api\fabric-renderer-api-v1\3.2.1+1802ada577\fabric-renderer-api-v1-3.2.1+1802ada577.jar
[Architectury Transformer DEBUG]  - D:\bandits mod development\Too Many Bows\.gradle\loom-cache\remapped_mods\loom_mappings_1_20_1_layered_hash_40359_v2\net\fabricmc\fabric-api\fabric-rendering-fluids-v1\3.0.28+1802ada577\fabric-rendering-fluids-v1-3.0.28+1802ada577.jar
[Architectury Transformer DEBUG]  - D:\bandits mod development\Too Many Bows\.gradle\loom-cache\remapped_mods\loom_mappings_1_20_1_layered_hash_40359_v2\net\fabricmc\fabric-api\fabric-renderer-registries-v1\3.2.46+df3654b377\fabric-renderer-registries-v1-3.2.46+df3654b377.jar
[Architectury Transformer DEBUG]  - D:\bandits mod development\Too Many Bows\.gradle\loom-cache\remapped_mods\loom_mappings_1_20_1_layered_hash_40359_v2\net\fabricmc\fabric-api\fabric-rendering-v0\1.1.49+df3654b377\fabric-rendering-v0-1.1.49+df3654b377.jar
[Architectury Transformer DEBUG]  - D:\bandits mod development\Too Many Bows\.gradle\loom-cache\remapped_mods\loom_mappings_1_20_1_layered_hash_40359_v2\net\fabricmc\fabric-api\fabric-rendering-v1\3.0.8+1802ada577\fabric-rendering-v1-3.0.8+1802ada577.jar
[Architectury Transformer DEBUG]  - D:\bandits mod development\Too Many Bows\.gradle\loom-cache\remapped_mods\loom_mappings_1_20_1_layered_hash_40359_v2\net\fabricmc\fabric-api\fabric-screen-api-v1\2.0.8+1802ada577\fabric-screen-api-v1-2.0.8+1802ada577.jar
[Architectury Transformer DEBUG]  - D:\bandits mod development\Too Many Bows\.gradle\loom-cache\remapped_mods\loom_mappings_1_20_1_layered_hash_40359_v2\net\fabricmc\fabric-api\fabric-api-base\0.4.31+1802ada577\fabric-api-base-0.4.31+1802ada577.jar
[Architectury Transformer DEBUG]  - D:\bandits mod development\Too Many Bows\.gradle\loom-cache\remapped_mods\loom_mappings_1_20_1_layered_hash_40359_v2\net\fabricmc\fabric-api\fabric-biome-api-v1\13.0.13+1802ada577\fabric-biome-api-v1-13.0.13+1802ada577.jar
[Architectury Transformer DEBUG]  - D:\bandits mod development\Too Many Bows\.gradle\loom-cache\remapped_mods\loom_mappings_1_20_1_layered_hash_40359_v2\net\fabricmc\fabric-api\fabric-block-api-v1\1.0.11+1802ada577\fabric-block-api-v1-1.0.11+1802ada577.jar
[Architectury Transformer DEBUG]  - D:\bandits mod development\Too Many Bows\.gradle\loom-cache\remapped_mods\loom_mappings_1_20_1_layered_hash_40359_v2\net\fabricmc\fabric-api\fabric-rendering-data-attachment-v1\0.3.37+92a0d36777\fabric-rendering-data-attachment-v1-0.3.37+92a0d36777.jar
[Architectury Transformer DEBUG]  - D:\bandits mod development\Too Many Bows\.gradle\loom-cache\remapped_mods\loom_mappings_1_20_1_layered_hash_40359_v2\net\fabricmc\fabric-api\fabric-block-view-api-v2\1.0.1+1802ada577\fabric-block-view-api-v2-1.0.1+1802ada577.jar
[Architectury Transformer DEBUG]  - D:\bandits mod development\Too Many Bows\.gradle\loom-cache\remapped_mods\loom_mappings_1_20_1_layered_hash_40359_v2\net\fabricmc\fabric-api\fabric-crash-report-info-v1\0.2.19+1802ada577\fabric-crash-report-info-v1-0.2.19+1802ada577.jar
[Architectury Transformer DEBUG]  - D:\bandits mod development\Too Many Bows\.gradle\loom-cache\remapped_mods\loom_mappings_1_20_1_layered_hash_40359_v2\net\fabricmc\fabric-api\fabric-game-rule-api-v1\1.0.40+1802ada577\fabric-game-rule-api-v1-1.0.40+1802ada577.jar
[Architectury Transformer DEBUG]  - D:\bandits mod development\Too Many Bows\.gradle\loom-cache\remapped_mods\loom_mappings_1_20_1_layered_hash_40359_v2\net\fabricmc\fabric-api\fabric-keybindings-v0\0.2.35+df3654b377\fabric-keybindings-v0-0.2.35+df3654b377.jar
[Architectury Transformer DEBUG]  - D:\bandits mod development\Too Many Bows\.gradle\loom-cache\remapped_mods\loom_mappings_1_20_1_layered_hash_40359_v2\net\fabricmc\fabric-api\fabric-key-binding-api-v1\1.0.37+1802ada577\fabric-key-binding-api-v1-1.0.37+1802ada577.jar
[Architectury Transformer DEBUG]  - D:\bandits mod development\Too Many Bows\.gradle\loom-cache\remapped_mods\loom_mappings_1_20_1_layered_hash_40359_v2\net\fabricmc\fabric-api\fabric-resource-conditions-api-v1\2.3.8+1802ada577\fabric-resource-conditions-api-v1-2.3.8+1802ada577.jar
[Architectury Transformer DEBUG]  - D:\bandits mod development\Too Many Bows\.gradle\loom-cache\remapped_mods\loom_mappings_1_20_1_layered_hash_40359_v2\net\fabricmc\fabric-api\fabric-resource-loader-v0\0.11.10+1802ada577\fabric-resource-loader-v0-0.11.10+1802ada577.jar
[Architectury Transformer DEBUG]  - D:\bandits mod development\Too Many Bows\.gradle\loom-cache\remapped_mods\loom_mappings_1_20_1_layered_hash_40359_v2\net\fabricmc\fabric-api\fabric-sound-api-v1\1.0.13+1802ada577\fabric-sound-api-v1-1.0.13+1802ada577.jar
[Architectury Transformer DEBUG]  - D:\bandits mod development\Too Many Bows\.gradle\loom-cache\remapped_mods\loom_mappings_1_20_1_layered_hash_40359_v2\net\fabricmc\fabric-api\fabric-transitive-access-wideners-v1\4.3.1+1802ada577\fabric-transitive-access-wideners-v1-4.3.1+1802ada577.jar
[Architectury Transformer] Read classpath in 1.045 s
[Architectury Transformer DEBUG] Closed File Systems for D:\bandits mod development\Too Many Bows\common\build\devlibs\too_many_bows-common-3.0.0-dev.jar
[Architectury Transformer DEBUG] Transforming 5 transformer(s) from D:\bandits mod development\Too Many Bows\common\build\devlibs\too_many_bows-common-3.0.0-dev.jar to C:\Users\noide\AppData\Local\Temp\16469265768894513790.jar: 
[Architectury Transformer DEBUG]  - dev.architectury.transformer.transformers.RuntimeMixinRefmapDetector@72e5a8e
[Architectury Transformer DEBUG]  - dev.architectury.transformer.transformers.GenerateFakeFabricMod@54e1c68b
[Architectury Transformer DEBUG]  - dev.architectury.transformer.transformers.TransformExpectPlatform@53aac487
[Architectury Transformer DEBUG]  - dev.architectury.transformer.transformers.RemapInjectables@52b1beb6
[Architectury Transformer DEBUG]  - dev.architectury.transformer.transformers.TransformPlatformOnly@273e7444
[Architectury Transformer DEBUG] Transforming from D:\bandits mod development\Too Many Bows\common\build\devlibs\too_many_bows-common-3.0.0-dev.jar to C:\Users\noide\AppData\Local\Temp\16469265768894513790.jar with 5 transformer(s) on dev.architectury.transformer.handler.SimpleTransformerHandler
[Architectury Transformer DEBUG] Found class transformer
[Architectury Transformer DEBUG] Writing net/bandit/many_bows/client/ClientInit with maxs=true frames=true
[Architectury Transformer DEBUG] Writing net/bandit/many_bows/client/renderer/AncientSageArrowRenderer with maxs=true frames=true
[Architectury Transformer DEBUG] Writing net/bandit/many_bows/client/renderer/AstralArrowRenderer with maxs=true frames=true
[Architectury Transformer DEBUG] Writing net/bandit/many_bows/client/renderer/AuroraArrowRenderer with maxs=true frames=true
[Architectury Transformer DEBUG] Writing net/bandit/many_bows/client/renderer/CursedFlameArrowRenderer with maxs=true frames=true
[Architectury Transformer DEBUG] Writing net/bandit/many_bows/client/renderer/DragonsBreathArrowRenderer with maxs=true frames=true
[Architectury Transformer DEBUG] Writing net/bandit/many_bows/client/renderer/DuskArrowRenderer with maxs=true frames=true
[Architectury Transformer DEBUG] Writing net/bandit/many_bows/client/renderer/FlameArrowRenderer with maxs=true frames=true
[Architectury Transformer DEBUG] Writing net/bandit/many_bows/client/renderer/FrostbiteArrowRenderer with maxs=true frames=true
[Architectury Transformer DEBUG] Writing net/bandit/many_bows/client/renderer/HunterArrowRenderer with maxs=true frames=true
[Architectury Transformer DEBUG] Writing net/bandit/many_bows/client/renderer/HunterXPArrowRenderer with maxs=true frames=true
[Architectury Transformer DEBUG] Writing net/bandit/many_bows/client/renderer/IcicleJavelinRenderer with maxs=true frames=true
[Architectury Transformer DEBUG] Writing net/bandit/many_bows/client/renderer/LightningArrowRenderer with maxs=true frames=true
[Architectury Transformer DEBUG] Writing net/bandit/many_bows/client/renderer/RadianceArrowRenderer with maxs=true frames=true
[Architectury Transformer DEBUG] Writing net/bandit/many_bows/client/renderer/SentinelArrowRenderer with maxs=true frames=true
[Architectury Transformer DEBUG] Writing net/bandit/many_bows/client/renderer/ShulkerBlastArrowRenderer with maxs=true frames=true
[Architectury Transformer DEBUG] Writing net/bandit/many_bows/client/renderer/SonicBoomProjectileRenderer with maxs=true frames=true
[Architectury Transformer DEBUG] Writing net/bandit/many_bows/client/renderer/SpectralArrowRenderer with maxs=true frames=true
[Architectury Transformer DEBUG] Writing net/bandit/many_bows/client/renderer/TidalArrowRenderer with maxs=true frames=true
[Architectury Transformer DEBUG] Writing net/bandit/many_bows/client/renderer/VenomArrowRenderer with maxs=true frames=true
[Architectury Transformer DEBUG] Writing net/bandit/many_bows/client/renderer/VitalityArrowRenderer with maxs=true frames=true
[Architectury Transformer DEBUG] Writing net/bandit/many_bows/client/renderer/WindArrowRenderer with maxs=true frames=true
[Architectury Transformer DEBUG] Writing net/bandit/many_bows/effect/CursedFlameEffect with maxs=true frames=true
[Architectury Transformer DEBUG] Writing net/bandit/many_bows/enchantment/RicochetEnchantment with maxs=true frames=true
[Architectury Transformer DEBUG] Writing net/bandit/many_bows/enchantment/SpectralEnchantment with maxs=true frames=true
[Architectury Transformer DEBUG] Writing net/bandit/many_bows/entity/AncientSageArrow with maxs=true frames=true
[Architectury Transformer DEBUG] Writing net/bandit/many_bows/entity/AstralArrow with maxs=true frames=true
[Architectury Transformer DEBUG] Writing net/bandit/many_bows/entity/AuroraArrowEntity with maxs=true frames=true
[Architectury Transformer DEBUG] Writing net/bandit/many_bows/entity/CursedFlameArrow with maxs=true frames=true
[Architectury Transformer DEBUG] Writing net/bandit/many_bows/entity/DragonsBreathArrow with maxs=true frames=true
[Architectury Transformer DEBUG] Writing net/bandit/many_bows/entity/DuskReaperArrow with maxs=true frames=true
[Architectury Transformer DEBUG] Writing net/bandit/many_bows/entity/FlameArrow with maxs=true frames=true
[Architectury Transformer DEBUG] Writing net/bandit/many_bows/entity/FrostbiteArrow with maxs=true frames=true
[Architectury Transformer DEBUG] Writing net/bandit/many_bows/entity/HunterArrow with maxs=true frames=true
[Architectury Transformer DEBUG] Writing net/bandit/many_bows/entity/HunterXPArrow with maxs=true frames=true
[Architectury Transformer DEBUG] Writing net/bandit/many_bows/entity/IcicleJavelin with maxs=true frames=true
[Architectury Transformer DEBUG] Writing net/bandit/many_bows/entity/LightningArrow with maxs=true frames=true
[Architectury Transformer DEBUG] Writing net/bandit/many_bows/entity/RadiantArrow with maxs=true frames=true
[Architectury Transformer DEBUG] Writing net/bandit/many_bows/entity/RiftEntity with maxs=true frames=true
[Architectury Transformer DEBUG] Writing net/bandit/many_bows/entity/SentinelArrow with maxs=true frames=true
[Architectury Transformer DEBUG] Writing net/bandit/many_bows/entity/ShulkerBlastProjectile with maxs=true frames=true
[Architectury Transformer DEBUG] Writing net/bandit/many_bows/entity/SonicBoomProjectile with maxs=true frames=true
[Architectury Transformer DEBUG] Writing net/bandit/many_bows/entity/SpectralArrow with maxs=true frames=true
[Architectury Transformer DEBUG] Writing net/bandit/many_bows/entity/TidalArrow with maxs=true frames=true
[Architectury Transformer DEBUG] Writing net/bandit/many_bows/entity/VenomArrow with maxs=true frames=true
[Architectury Transformer DEBUG] Writing net/bandit/many_bows/entity/VitalityArrow with maxs=true frames=true
[Architectury Transformer DEBUG] Writing net/bandit/many_bows/entity/WindProjectile with maxs=true frames=true
[Architectury Transformer DEBUG] Writing net/bandit/many_bows/item/AncientSageBow with maxs=true frames=true
[Architectury Transformer DEBUG] Writing net/bandit/many_bows/item/ArcaneBow$1 with maxs=true frames=true
[Architectury Transformer DEBUG] Writing net/bandit/many_bows/item/ArcaneBow with maxs=true frames=true
[Architectury Transformer DEBUG] Writing net/bandit/many_bows/item/AstralBow with maxs=true frames=true
[Architectury Transformer DEBUG] Writing net/bandit/many_bows/item/AuroraBow with maxs=true frames=true
[Architectury Transformer DEBUG] Writing net/bandit/many_bows/item/BurntRelicBow with maxs=true frames=true
[Architectury Transformer DEBUG] Writing net/bandit/many_bows/item/CrimsonNexusBow with maxs=true frames=true
[Architectury Transformer DEBUG] Writing net/bandit/many_bows/item/CursedFlameBow with maxs=true frames=true
[Architectury Transformer DEBUG] Writing net/bandit/many_bows/item/DragonsBreathBow with maxs=true frames=true
[Architectury Transformer DEBUG] Writing net/bandit/many_bows/item/DuskReaperBow with maxs=true frames=true
[Architectury Transformer DEBUG] Writing net/bandit/many_bows/item/EmeraldSageBow with maxs=true frames=true
[Architectury Transformer DEBUG] Writing net/bandit/many_bows/item/EtherealHunterBow with maxs=true frames=true
[Architectury Transformer DEBUG] Writing net/bandit/many_bows/item/FlameBow with maxs=true frames=true
[Architectury Transformer DEBUG] Writing net/bandit/many_bows/item/FrostbiteBow with maxs=true frames=true
[Architectury Transformer DEBUG] Writing net/bandit/many_bows/item/HeavensBow with maxs=true frames=true
[Architectury Transformer DEBUG] Writing net/bandit/many_bows/item/HunterBow with maxs=true frames=true
[Architectury Transformer DEBUG] Writing net/bandit/many_bows/item/IcicleJavelinBow with maxs=true frames=true
[Architectury Transformer DEBUG] Writing net/bandit/many_bows/item/IroncladBow with maxs=true frames=true
[Architectury Transformer DEBUG] Writing net/bandit/many_bows/item/RadianceBow with maxs=true frames=true
[Architectury Transformer DEBUG] Writing net/bandit/many_bows/item/RepairCrystalItem with maxs=true frames=true
[Architectury Transformer DEBUG] Writing net/bandit/many_bows/item/RiftShardItem with maxs=true frames=true
[Architectury Transformer DEBUG] Writing net/bandit/many_bows/item/ScatterBow with maxs=true frames=true
[Architectury Transformer DEBUG] Writing net/bandit/many_bows/item/SentinelsWrathBow with maxs=true frames=true
[Architectury Transformer DEBUG] Writing net/bandit/many_bows/item/ShulkerBlastBow with maxs=true frames=true
[Architectury Transformer DEBUG] Writing net/bandit/many_bows/item/SolarBow with maxs=true frames=true
[Architectury Transformer DEBUG] Writing net/bandit/many_bows/item/SonicBoomBow with maxs=true frames=true
[Architectury Transformer DEBUG] Writing net/bandit/many_bows/item/SoulFragment with maxs=true frames=true
[Architectury Transformer DEBUG] Writing net/bandit/many_bows/item/SpectralWhisperBow with maxs=true frames=true
[Architectury Transformer DEBUG] Writing net/bandit/many_bows/item/TidalBow with maxs=true frames=true
[Architectury Transformer DEBUG] Writing net/bandit/many_bows/item/TwinShadowsBow with maxs=true frames=true
[Architectury Transformer DEBUG] Writing net/bandit/many_bows/item/VerdantVigorBow with maxs=true frames=true
[Architectury Transformer DEBUG] Writing net/bandit/many_bows/item/VerdantViperBow with maxs=true frames=true
[Architectury Transformer DEBUG] Writing net/bandit/many_bows/item/VitalityWeaverBow with maxs=true frames=true
[Architectury Transformer DEBUG] Writing net/bandit/many_bows/item/WindBow with maxs=true frames=true
[Architectury Transformer DEBUG] Writing net/bandit/many_bows/ManyBowsMod with maxs=true frames=true
[Architectury Transformer DEBUG] Writing net/bandit/many_bows/mixin/LivingEntityMixin with maxs=true frames=true
[Architectury Transformer DEBUG] Writing net/bandit/many_bows/registry/EffectRegistry with maxs=true frames=true
[Architectury Transformer DEBUG] Writing net/bandit/many_bows/registry/EnchantmentRegistry with maxs=true frames=true
[Architectury Transformer DEBUG] Writing net/bandit/many_bows/registry/EntityRegistry with maxs=true frames=true
[Architectury Transformer DEBUG] Writing net/bandit/many_bows/registry/ItemRegistry with maxs=true frames=true
[Architectury Transformer DEBUG] Writing net/bandit/many_bows/registry/TabRegistry with maxs=true frames=true
[Architectury Transformer DEBUG] Writing net/bandit/many_bows/util/AncientSageDamageSource with maxs=true frames=true
[Architectury Transformer DEBUG] Checking whether /too_many_bows-common-common-refmap.json is a mixin config.
[Architectury Transformer DEBUG] Checking whether /too_many_bows.mixins.json is a mixin config.
[Architectury Transformer DEBUG] Closed File Systems for C:\Users\noide\AppData\Local\Temp\16469265768894513790.jar
[Architectury Transformer] Listening at D:\bandits mod development\Too Many Bows\common\build\devlibs\too_many_bows-common-3.0.0-dev.jar
[Architectury Transformer DEBUG] Temporary jar [C:\Users\noide\AppData\Local\Temp\16469265768894513790.jar] contains packages: net.bandit.many_bows.client, net.bandit.many_bows, net.bandit.many_bows.entity, net.bandit.many_bows.effect, net.bandit.many_bows.mixin, net.bandit.many_bows.enchantment, net.bandit.many_bows.util, net.bandit.many_bows.registry, net.bandit.many_bows.client.renderer, net.bandit.many_bows.item
[Architectury Transformer DEBUG] Closed File Systems for D:\bandits mod development\Too Many Bows\common\build\devlibs\too_many_bows-common-3.0.0-dev.jar
[Architectury Transformer DEBUG] Classpath entry [D:\bandits mod development\Too Many Bows\fabric\build\resources\main] contains packages: 
[Architectury Transformer DEBUG] Classpath entry [D:\bandits mod development\Too Many Bows\common\build\resources\main] contains packages: 
[Architectury Transformer DEBUG] Transforming from net/bandit/many_bows/ManyBowsMod.class to net/bandit/many_bows/ManyBowsMod.class with 5 transformer(s) on dev.architectury.transformer.handler.TinyRemapperPreparedTransformerHandler
[Architectury Transformer DEBUG] Found class transformer
[Architectury Transformer DEBUG] Writing net/bandit/many_bows/ManyBowsMod with maxs=true frames=true
[Architectury Transformer DEBUG] Transformed net/bandit/many_bows/ManyBowsMod in 2.165 ms
[Architectury Transformer DEBUG] Transforming from net/bandit/many_bows/registry/ItemRegistry.class to net/bandit/many_bows/registry/ItemRegistry.class with 5 transformer(s) on dev.architectury.transformer.handler.TinyRemapperPreparedTransformerHandler
[Architectury Transformer DEBUG] Found class transformer
[Architectury Transformer DEBUG] Writing net/bandit/many_bows/registry/ItemRegistry with maxs=true frames=true
[Architectury Transformer DEBUG] Transformed net/bandit/many_bows/registry/ItemRegistry in 1.250 ms
[Architectury Transformer DEBUG] Transforming from net/bandit/many_bows/item/SoulFragment.class to net/bandit/many_bows/item/SoulFragment.class with 5 transformer(s) on dev.architectury.transformer.handler.TinyRemapperPreparedTransformerHandler
[Architectury Transformer DEBUG] Found class transformer
[Architectury Transformer DEBUG] Writing net/bandit/many_bows/item/SoulFragment with maxs=true frames=true
[Architectury Transformer DEBUG] Transformed net/bandit/many_bows/item/SoulFragment in 473.7 μs
[Architectury Transformer DEBUG] Transforming from net/bandit/many_bows/item/FlameBow.class to net/bandit/many_bows/item/FlameBow.class with 5 transformer(s) on dev.architectury.transformer.handler.TinyRemapperPreparedTransformerHandler
[Architectury Transformer DEBUG] Found class transformer
[Architectury Transformer DEBUG] Writing net/bandit/many_bows/item/FlameBow with maxs=true frames=true
[Architectury Transformer DEBUG] Transformed net/bandit/many_bows/item/FlameBow in 603.6 μs
[Architectury Transformer DEBUG] Transforming from net/bandit/many_bows/item/AncientSageBow.class to net/bandit/many_bows/item/AncientSageBow.class with 5 transformer(s) on dev.architectury.transformer.handler.TinyRemapperPreparedTransformerHandler
[Architectury Transformer DEBUG] Found class transformer
[Architectury Transformer DEBUG] Writing net/bandit/many_bows/item/AncientSageBow with maxs=true frames=true
[Architectury Transformer DEBUG] Transformed net/bandit/many_bows/item/AncientSageBow in 411.5 μs
[Architectury Transformer DEBUG] Transforming from net/bandit/many_bows/item/VerdantViperBow.class to net/bandit/many_bows/item/VerdantViperBow.class with 5 transformer(s) on dev.architectury.transformer.handler.TinyRemapperPreparedTransformerHandler
[Architectury Transformer DEBUG] Found class transformer
[Architectury Transformer DEBUG] Writing net/bandit/many_bows/item/VerdantViperBow with maxs=true frames=true
[Architectury Transformer DEBUG] Transformed net/bandit/many_bows/item/VerdantViperBow in 404.2 μs
[Architectury Transformer DEBUG] Transforming from net/bandit/many_bows/item/SonicBoomBow.class to net/bandit/many_bows/item/SonicBoomBow.class with 5 transformer(s) on dev.architectury.transformer.handler.TinyRemapperPreparedTransformerHandler
[Architectury Transformer DEBUG] Found class transformer
[Architectury Transformer DEBUG] Writing net/bandit/many_bows/item/SonicBoomBow with maxs=true frames=true
[Architectury Transformer DEBUG] Transformed net/bandit/many_bows/item/SonicBoomBow in 637.4 μs
[Architectury Transformer DEBUG] Transforming from net/bandit/many_bows/item/FrostbiteBow.class to net/bandit/many_bows/item/FrostbiteBow.class with 5 transformer(s) on dev.architectury.transformer.handler.TinyRemapperPreparedTransformerHandler
[Architectury Transformer DEBUG] Found class transformer
[Architectury Transformer DEBUG] Writing net/bandit/many_bows/item/FrostbiteBow with maxs=true frames=true
[Architectury Transformer DEBUG] Transformed net/bandit/many_bows/item/FrostbiteBow in 647.6 μs
[Architectury Transformer DEBUG] Transforming from net/bandit/many_bows/item/ScatterBow.class to net/bandit/many_bows/item/ScatterBow.class with 5 transformer(s) on dev.architectury.transformer.handler.TinyRemapperPreparedTransformerHandler
[Architectury Transformer DEBUG] Found class transformer
[Architectury Transformer DEBUG] Writing net/bandit/many_bows/item/ScatterBow with maxs=true frames=true
[Architectury Transformer DEBUG] Transformed net/bandit/many_bows/item/ScatterBow in 578.9 μs
[Architectury Transformer DEBUG] Transforming from net/bandit/many_bows/item/RiftShardItem.class to net/bandit/many_bows/item/RiftShardItem.class with 5 transformer(s) on dev.architectury.transformer.handler.TinyRemapperPreparedTransformerHandler
[Architectury Transformer DEBUG] Found class transformer
[Architectury Transformer DEBUG] Writing net/bandit/many_bows/item/RiftShardItem with maxs=true frames=true
[Architectury Transformer DEBUG] Transformed net/bandit/many_bows/item/RiftShardItem in 159.6 μs
[Architectury Transformer DEBUG] Transforming from net/bandit/many_bows/item/RepairCrystalItem.class to net/bandit/many_bows/item/RepairCrystalItem.class with 5 transformer(s) on dev.architectury.transformer.handler.TinyRemapperPreparedTransformerHandler
[Architectury Transformer DEBUG] Found class transformer
[Architectury Transformer DEBUG] Writing net/bandit/many_bows/item/RepairCrystalItem with maxs=true frames=true
[Architectury Transformer DEBUG] Transformed net/bandit/many_bows/item/RepairCrystalItem in 140.2 μs
[Architectury Transformer DEBUG] Transforming from net/bandit/many_bows/item/CursedFlameBow.class to net/bandit/many_bows/item/CursedFlameBow.class with 5 transformer(s) on dev.architectury.transformer.handler.TinyRemapperPreparedTransformerHandler
[Architectury Transformer DEBUG] Found class transformer
[Architectury Transformer DEBUG] Writing net/bandit/many_bows/item/CursedFlameBow with maxs=true frames=true
[Architectury Transformer DEBUG] Transformed net/bandit/many_bows/item/CursedFlameBow in 401.4 μs
[Architectury Transformer DEBUG] Transforming from net/bandit/many_bows/item/DragonsBreathBow.class to net/bandit/many_bows/item/DragonsBreathBow.class with 5 transformer(s) on dev.architectury.transformer.handler.TinyRemapperPreparedTransformerHandler
[Architectury Transformer DEBUG] Found class transformer
[Architectury Transformer DEBUG] Writing net/bandit/many_bows/item/DragonsBreathBow with maxs=true frames=true
[Architectury Transformer DEBUG] Transformed net/bandit/many_bows/item/DragonsBreathBow in 358.7 μs
[Architectury Transformer DEBUG] Transforming from net/bandit/many_bows/item/TidalBow.class to net/bandit/many_bows/item/TidalBow.class with 5 transformer(s) on dev.architectury.transformer.handler.TinyRemapperPreparedTransformerHandler
[Architectury Transformer DEBUG] Found class transformer
[Architectury Transformer DEBUG] Writing net/bandit/many_bows/item/TidalBow with maxs=true frames=true
[Architectury Transformer DEBUG] Transformed net/bandit/many_bows/item/TidalBow in 367.6 μs
[Architectury Transformer DEBUG] Transforming from net/bandit/many_bows/item/HeavensBow.class to net/bandit/many_bows/item/HeavensBow.class with 5 transformer(s) on dev.architectury.transformer.handler.TinyRemapperPreparedTransformerHandler
[Architectury Transformer DEBUG] Found class transformer
[Architectury Transformer DEBUG] Writing net/bandit/many_bows/item/HeavensBow with maxs=true frames=true
[Architectury Transformer DEBUG] Transformed net/bandit/many_bows/item/HeavensBow in 324.4 μs
[Architectury Transformer DEBUG] Transforming from net/bandit/many_bows/item/ArcaneBow.class to net/bandit/many_bows/item/ArcaneBow.class with 5 transformer(s) on dev.architectury.transformer.handler.TinyRemapperPreparedTransformerHandler
[Architectury Transformer DEBUG] Found class transformer
[Architectury Transformer DEBUG] Writing net/bandit/many_bows/item/ArcaneBow with maxs=true frames=true
[Architectury Transformer DEBUG] Transformed net/bandit/many_bows/item/ArcaneBow in 415.7 μs
[Architectury Transformer DEBUG] Transforming from net/bandit/many_bows/item/TwinShadowsBow.class to net/bandit/many_bows/item/TwinShadowsBow.class with 5 transformer(s) on dev.architectury.transformer.handler.TinyRemapperPreparedTransformerHandler
[Architectury Transformer DEBUG] Found class transformer
[Architectury Transformer DEBUG] Writing net/bandit/many_bows/item/TwinShadowsBow with maxs=true frames=true
[Architectury Transformer DEBUG] Transformed net/bandit/many_bows/item/TwinShadowsBow in 411.1 μs
[Architectury Transformer DEBUG] Transforming from net/bandit/many_bows/item/HunterBow.class to net/bandit/many_bows/item/HunterBow.class with 5 transformer(s) on dev.architectury.transformer.handler.TinyRemapperPreparedTransformerHandler
[Architectury Transformer DEBUG] Found class transformer
[Architectury Transformer DEBUG] Writing net/bandit/many_bows/item/HunterBow with maxs=true frames=true
[Architectury Transformer DEBUG] Transformed net/bandit/many_bows/item/HunterBow in 445.7 μs
[Architectury Transformer DEBUG] Transforming from net/bandit/many_bows/item/DuskReaperBow.class to net/bandit/many_bows/item/DuskReaperBow.class with 5 transformer(s) on dev.architectury.transformer.handler.TinyRemapperPreparedTransformerHandler
[Architectury Transformer DEBUG] Found class transformer
[Architectury Transformer DEBUG] Writing net/bandit/many_bows/item/DuskReaperBow with maxs=true frames=true
[Architectury Transformer DEBUG] Transformed net/bandit/many_bows/item/DuskReaperBow in 523.3 μs
[Architectury Transformer DEBUG] Transforming from net/bandit/many_bows/item/AuroraBow.class to net/bandit/many_bows/item/AuroraBow.class with 5 transformer(s) on dev.architectury.transformer.handler.TinyRemapperPreparedTransformerHandler
[Architectury Transformer DEBUG] Found class transformer
[Architectury Transformer DEBUG] Writing net/bandit/many_bows/item/AuroraBow with maxs=true frames=true
[Architectury Transformer DEBUG] Transformed net/bandit/many_bows/item/AuroraBow in 465.2 μs
[Architectury Transformer DEBUG] Transforming from net/bandit/many_bows/item/EmeraldSageBow.class to net/bandit/many_bows/item/EmeraldSageBow.class with 5 transformer(s) on dev.architectury.transformer.handler.TinyRemapperPreparedTransformerHandler
[Architectury Transformer DEBUG] Found class transformer
[Architectury Transformer DEBUG] Writing net/bandit/many_bows/item/EmeraldSageBow with maxs=true frames=true
[Architectury Transformer DEBUG] Transformed net/bandit/many_bows/item/EmeraldSageBow in 287.9 μs
[Architectury Transformer DEBUG] Transforming from net/bandit/many_bows/item/IcicleJavelinBow.class to net/bandit/many_bows/item/IcicleJavelinBow.class with 5 transformer(s) on dev.architectury.transformer.handler.TinyRemapperPreparedTransformerHandler
[Architectury Transformer DEBUG] Found class transformer
[Architectury Transformer DEBUG] Writing net/bandit/many_bows/item/IcicleJavelinBow with maxs=true frames=true
[Architectury Transformer DEBUG] Transformed net/bandit/many_bows/item/IcicleJavelinBow in 419.8 μs
[Architectury Transformer DEBUG] Transforming from net/bandit/many_bows/item/VitalityWeaverBow.class to net/bandit/many_bows/item/VitalityWeaverBow.class with 5 transformer(s) on dev.architectury.transformer.handler.TinyRemapperPreparedTransformerHandler
[Architectury Transformer DEBUG] Found class transformer
[Architectury Transformer DEBUG] Writing net/bandit/many_bows/item/VitalityWeaverBow with maxs=true frames=true
[Architectury Transformer DEBUG] Transformed net/bandit/many_bows/item/VitalityWeaverBow in 445.3 μs
[Architectury Transformer DEBUG] Transforming from net/bandit/many_bows/item/VerdantVigorBow.class to net/bandit/many_bows/item/VerdantVigorBow.class with 5 transformer(s) on dev.architectury.transformer.handler.TinyRemapperPreparedTransformerHandler
[Architectury Transformer DEBUG] Found class transformer
[Architectury Transformer DEBUG] Writing net/bandit/many_bows/item/VerdantVigorBow with maxs=true frames=true
[Architectury Transformer DEBUG] Transformed net/bandit/many_bows/item/VerdantVigorBow in 511.5 μs
[Architectury Transformer DEBUG] Transforming from net/bandit/many_bows/item/WindBow.class to net/bandit/many_bows/item/WindBow.class with 5 transformer(s) on dev.architectury.transformer.handler.TinyRemapperPreparedTransformerHandler
[Architectury Transformer DEBUG] Found class transformer
[Architectury Transformer DEBUG] Writing net/bandit/many_bows/item/WindBow with maxs=true frames=true
[Architectury Transformer DEBUG] Transformed net/bandit/many_bows/item/WindBow in 461.5 μs
[Architectury Transformer DEBUG] Transforming from net/bandit/many_bows/item/RadianceBow.class to net/bandit/many_bows/item/RadianceBow.class with 5 transformer(s) on dev.architectury.transformer.handler.TinyRemapperPreparedTransformerHandler
[Architectury Transformer DEBUG] Found class transformer
[Architectury Transformer DEBUG] Writing net/bandit/many_bows/item/RadianceBow with maxs=true frames=true
[Architectury Transformer DEBUG] Transformed net/bandit/many_bows/item/RadianceBow in 405.3 μs
[Architectury Transformer DEBUG] Transforming from net/bandit/many_bows/item/SentinelsWrathBow.class to net/bandit/many_bows/item/SentinelsWrathBow.class with 5 transformer(s) on dev.architectury.transformer.handler.TinyRemapperPreparedTransformerHandler
[Architectury Transformer DEBUG] Found class transformer
[Architectury Transformer DEBUG] Writing net/bandit/many_bows/item/SentinelsWrathBow with maxs=true frames=true
[Architectury Transformer DEBUG] Transformed net/bandit/many_bows/item/SentinelsWrathBow in 396.3 μs
[Architectury Transformer DEBUG] Transforming from net/bandit/many_bows/item/CrimsonNexusBow.class to net/bandit/many_bows/item/CrimsonNexusBow.class with 5 transformer(s) on dev.architectury.transformer.handler.TinyRemapperPreparedTransformerHandler
[Architectury Transformer DEBUG] Found class transformer
[Architectury Transformer DEBUG] Writing net/bandit/many_bows/item/CrimsonNexusBow with maxs=true frames=true
[Architectury Transformer DEBUG] Transformed net/bandit/many_bows/item/CrimsonNexusBow in 414.7 μs
[Architectury Transformer DEBUG] Transforming from net/bandit/many_bows/item/SpectralWhisperBow.class to net/bandit/many_bows/item/SpectralWhisperBow.class with 5 transformer(s) on dev.architectury.transformer.handler.TinyRemapperPreparedTransformerHandler
[Architectury Transformer DEBUG] Found class transformer
[Architectury Transformer DEBUG] Writing net/bandit/many_bows/item/SpectralWhisperBow with maxs=true frames=true
[Architectury Transformer DEBUG] Transformed net/bandit/many_bows/item/SpectralWhisperBow in 324.1 μs
[Architectury Transformer DEBUG] Transforming from net/bandit/many_bows/item/IroncladBow.class to net/bandit/many_bows/item/IroncladBow.class with 5 transformer(s) on dev.architectury.transformer.handler.TinyRemapperPreparedTransformerHandler
[Architectury Transformer DEBUG] Found class transformer
[Architectury Transformer DEBUG] Writing net/bandit/many_bows/item/IroncladBow with maxs=true frames=true
[Architectury Transformer DEBUG] Transformed net/bandit/many_bows/item/IroncladBow in 449.8 μs
[Architectury Transformer DEBUG] Transforming from net/bandit/many_bows/item/ShulkerBlastBow.class to net/bandit/many_bows/item/ShulkerBlastBow.class with 5 transformer(s) on dev.architectury.transformer.handler.TinyRemapperPreparedTransformerHandler
[Architectury Transformer DEBUG] Found class transformer
[Architectury Transformer DEBUG] Writing net/bandit/many_bows/item/ShulkerBlastBow with maxs=true frames=true
[Architectury Transformer DEBUG] Transformed net/bandit/many_bows/item/ShulkerBlastBow in 313.3 μs
[Architectury Transformer DEBUG] Transforming from net/bandit/many_bows/item/BurntRelicBow.class to net/bandit/many_bows/item/BurntRelicBow.class with 5 transformer(s) on dev.architectury.transformer.handler.TinyRemapperPreparedTransformerHandler
[Architectury Transformer DEBUG] Found class transformer
[Architectury Transformer DEBUG] Writing net/bandit/many_bows/item/BurntRelicBow with maxs=true frames=true
[Architectury Transformer DEBUG] Transformed net/bandit/many_bows/item/BurntRelicBow in 279.5 μs
[Architectury Transformer DEBUG] Transforming from net/bandit/many_bows/item/SolarBow.class to net/bandit/many_bows/item/SolarBow.class with 5 transformer(s) on dev.architectury.transformer.handler.TinyRemapperPreparedTransformerHandler
[Architectury Transformer DEBUG] Found class transformer
[Architectury Transformer DEBUG] Writing net/bandit/many_bows/item/SolarBow with maxs=true frames=true
[Architectury Transformer DEBUG] Transformed net/bandit/many_bows/item/SolarBow in 360.8 μs
[Architectury Transformer DEBUG] Transforming from net/bandit/many_bows/item/EtherealHunterBow.class to net/bandit/many_bows/item/EtherealHunterBow.class with 5 transformer(s) on dev.architectury.transformer.handler.TinyRemapperPreparedTransformerHandler
[Architectury Transformer DEBUG] Found class transformer
[Architectury Transformer DEBUG] Writing net/bandit/many_bows/item/EtherealHunterBow with maxs=true frames=true
[Architectury Transformer DEBUG] Transformed net/bandit/many_bows/item/EtherealHunterBow in 407.8 μs
[Architectury Transformer DEBUG] Transforming from net/bandit/many_bows/item/AstralBow.class to net/bandit/many_bows/item/AstralBow.class with 5 transformer(s) on dev.architectury.transformer.handler.TinyRemapperPreparedTransformerHandler
[Architectury Transformer DEBUG] Found class transformer
[Architectury Transformer DEBUG] Writing net/bandit/many_bows/item/AstralBow with maxs=true frames=true
[Architectury Transformer DEBUG] Transformed net/bandit/many_bows/item/AstralBow in 329.8 μs
[Architectury Transformer DEBUG] Transforming from net/bandit/many_bows/registry/TabRegistry.class to net/bandit/many_bows/registry/TabRegistry.class with 5 transformer(s) on dev.architectury.transformer.handler.TinyRemapperPreparedTransformerHandler
[Architectury Transformer DEBUG] Found class transformer
[Architectury Transformer DEBUG] Writing net/bandit/many_bows/registry/TabRegistry with maxs=true frames=true
[Architectury Transformer DEBUG] Transformed net/bandit/many_bows/registry/TabRegistry in 314.9 μs
[Architectury Transformer DEBUG] Transforming from net/bandit/many_bows/entity/AncientSageArrow.class to net/bandit/many_bows/entity/AncientSageArrow.class with 5 transformer(s) on dev.architectury.transformer.handler.TinyRemapperPreparedTransformerHandler
[Architectury Transformer DEBUG] Found class transformer
[Architectury Transformer DEBUG] Writing net/bandit/many_bows/entity/AncientSageArrow with maxs=true frames=true
[Architectury Transformer DEBUG] Transformed net/bandit/many_bows/entity/AncientSageArrow in 512.4 μs
[Architectury Transformer DEBUG] Transforming from net/bandit/many_bows/item/ArcaneBow$1.class to net/bandit/many_bows/item/ArcaneBow$1.class with 5 transformer(s) on dev.architectury.transformer.handler.TinyRemapperPreparedTransformerHandler
[Architectury Transformer DEBUG] Found class transformer
[Architectury Transformer DEBUG] Writing net/bandit/many_bows/item/ArcaneBow$1 with maxs=true frames=true
[Architectury Transformer DEBUG] Transformed net/bandit/many_bows/item/ArcaneBow$1 in 284.7 μs
[Architectury Transformer DEBUG] Transforming from net/bandit/many_bows/entity/SonicBoomProjectile.class to net/bandit/many_bows/entity/SonicBoomProjectile.class with 5 transformer(s) on dev.architectury.transformer.handler.TinyRemapperPreparedTransformerHandler
[Architectury Transformer DEBUG] Found class transformer
[Architectury Transformer DEBUG] Writing net/bandit/many_bows/entity/SonicBoomProjectile with maxs=true frames=true
[Architectury Transformer DEBUG] Transformed net/bandit/many_bows/entity/SonicBoomProjectile in 307.5 μs
[Architectury Transformer DEBUG] Transforming from net/bandit/many_bows/entity/FrostbiteArrow.class to net/bandit/many_bows/entity/FrostbiteArrow.class with 5 transformer(s) on dev.architectury.transformer.handler.TinyRemapperPreparedTransformerHandler
[Architectury Transformer DEBUG] Found class transformer
[Architectury Transformer DEBUG] Writing net/bandit/many_bows/entity/FrostbiteArrow with maxs=true frames=true
[Architectury Transformer DEBUG] Transformed net/bandit/many_bows/entity/FrostbiteArrow in 389.3 μs
[Architectury Transformer DEBUG] Transforming from net/bandit/many_bows/entity/LightningArrow.class to net/bandit/many_bows/entity/LightningArrow.class with 5 transformer(s) on dev.architectury.transformer.handler.TinyRemapperPreparedTransformerHandler
[Architectury Transformer DEBUG] Found class transformer
[Architectury Transformer DEBUG] Writing net/bandit/many_bows/entity/LightningArrow with maxs=true frames=true
[Architectury Transformer DEBUG] Transformed net/bandit/many_bows/entity/LightningArrow in 427.3 μs
[Architectury Transformer DEBUG] Transforming from net/bandit/many_bows/entity/DragonsBreathArrow.class to net/bandit/many_bows/entity/DragonsBreathArrow.class with 5 transformer(s) on dev.architectury.transformer.handler.TinyRemapperPreparedTransformerHandler
[Architectury Transformer DEBUG] Found class transformer
[Architectury Transformer DEBUG] Writing net/bandit/many_bows/entity/DragonsBreathArrow with maxs=true frames=true
[Architectury Transformer DEBUG] Transformed net/bandit/many_bows/entity/DragonsBreathArrow in 528.7 μs
[Architectury Transformer DEBUG] Transforming from net/bandit/many_bows/entity/VenomArrow.class to net/bandit/many_bows/entity/VenomArrow.class with 5 transformer(s) on dev.architectury.transformer.handler.TinyRemapperPreparedTransformerHandler
[Architectury Transformer DEBUG] Found class transformer
[Architectury Transformer DEBUG] Writing net/bandit/many_bows/entity/VenomArrow with maxs=true frames=true
[Architectury Transformer DEBUG] Transformed net/bandit/many_bows/entity/VenomArrow in 420.1 μs
[Architectury Transformer DEBUG] Transforming from net/bandit/many_bows/entity/FlameArrow.class to net/bandit/many_bows/entity/FlameArrow.class with 5 transformer(s) on dev.architectury.transformer.handler.TinyRemapperPreparedTransformerHandler
[Architectury Transformer DEBUG] Found class transformer
[Architectury Transformer DEBUG] Writing net/bandit/many_bows/entity/FlameArrow with maxs=true frames=true
[Architectury Transformer DEBUG] Transformed net/bandit/many_bows/entity/FlameArrow in 326.6 μs
[Architectury Transformer DEBUG] Transforming from net/bandit/many_bows/entity/TidalArrow.class to net/bandit/many_bows/entity/TidalArrow.class with 5 transformer(s) on dev.architectury.transformer.handler.TinyRemapperPreparedTransformerHandler
[Architectury Transformer DEBUG] Found class transformer
[Architectury Transformer DEBUG] Writing net/bandit/many_bows/entity/TidalArrow with maxs=true frames=true
[Architectury Transformer DEBUG] Transformed net/bandit/many_bows/entity/TidalArrow in 314.1 μs
[Architectury Transformer DEBUG] Transforming from net/bandit/many_bows/entity/CursedFlameArrow.class to net/bandit/many_bows/entity/CursedFlameArrow.class with 5 transformer(s) on dev.architectury.transformer.handler.TinyRemapperPreparedTransformerHandler
[Architectury Transformer DEBUG] Found class transformer
[Architectury Transformer DEBUG] Writing net/bandit/many_bows/entity/CursedFlameArrow with maxs=true frames=true
[Architectury Transformer DEBUG] Transformed net/bandit/many_bows/entity/CursedFlameArrow in 270.3 μs
[Architectury Transformer DEBUG] Transforming from net/bandit/many_bows/entity/WindProjectile.class to net/bandit/many_bows/entity/WindProjectile.class with 5 transformer(s) on dev.architectury.transformer.handler.TinyRemapperPreparedTransformerHandler
[Architectury Transformer DEBUG] Found class transformer
[Architectury Transformer DEBUG] Writing net/bandit/many_bows/entity/WindProjectile with maxs=true frames=true
[Architectury Transformer DEBUG] Transformed net/bandit/many_bows/entity/WindProjectile in 197.2 μs
[Architectury Transformer DEBUG] Transforming from net/bandit/many_bows/entity/ShulkerBlastProjectile.class to net/bandit/many_bows/entity/ShulkerBlastProjectile.class with 5 transformer(s) on dev.architectury.transformer.handler.TinyRemapperPreparedTransformerHandler
[Architectury Transformer DEBUG] Found class transformer
[Architectury Transformer DEBUG] Writing net/bandit/many_bows/entity/ShulkerBlastProjectile with maxs=true frames=true
[Architectury Transformer DEBUG] Transformed net/bandit/many_bows/entity/ShulkerBlastProjectile in 436.5 μs
[Architectury Transformer DEBUG] Transforming from net/bandit/many_bows/entity/HunterXPArrow.class to net/bandit/many_bows/entity/HunterXPArrow.class with 5 transformer(s) on dev.architectury.transformer.handler.TinyRemapperPreparedTransformerHandler
[Architectury Transformer DEBUG] Found class transformer
[Architectury Transformer DEBUG] Writing net/bandit/many_bows/entity/HunterXPArrow with maxs=true frames=true
[Architectury Transformer DEBUG] Transformed net/bandit/many_bows/entity/HunterXPArrow in 150.7 μs
[Architectury Transformer DEBUG] Transforming from net/bandit/many_bows/entity/HunterArrow.class to net/bandit/many_bows/entity/HunterArrow.class with 5 transformer(s) on dev.architectury.transformer.handler.TinyRemapperPreparedTransformerHandler
[Architectury Transformer DEBUG] Found class transformer
[Architectury Transformer DEBUG] Writing net/bandit/many_bows/entity/HunterArrow with maxs=true frames=true
[Architectury Transformer DEBUG] Transformed net/bandit/many_bows/entity/HunterArrow in 180.5 μs
[Architectury Transformer DEBUG] Transforming from net/bandit/many_bows/entity/IcicleJavelin.class to net/bandit/many_bows/entity/IcicleJavelin.class with 5 transformer(s) on dev.architectury.transformer.handler.TinyRemapperPreparedTransformerHandler
[Architectury Transformer DEBUG] Found class transformer
[Architectury Transformer DEBUG] Writing net/bandit/many_bows/entity/IcicleJavelin with maxs=true frames=true
[Architectury Transformer DEBUG] Transformed net/bandit/many_bows/entity/IcicleJavelin in 372.0 μs
[Architectury Transformer DEBUG] Transforming from net/bandit/many_bows/entity/SentinelArrow.class to net/bandit/many_bows/entity/SentinelArrow.class with 5 transformer(s) on dev.architectury.transformer.handler.TinyRemapperPreparedTransformerHandler
[Architectury Transformer DEBUG] Found class transformer
[Architectury Transformer DEBUG] Writing net/bandit/many_bows/entity/SentinelArrow with maxs=true frames=true
[Architectury Transformer DEBUG] Transformed net/bandit/many_bows/entity/SentinelArrow in 215.5 μs
[Architectury Transformer DEBUG] Transforming from net/bandit/many_bows/entity/VitalityArrow.class to net/bandit/many_bows/entity/VitalityArrow.class with 5 transformer(s) on dev.architectury.transformer.handler.TinyRemapperPreparedTransformerHandler
[Architectury Transformer DEBUG] Found class transformer
[Architectury Transformer DEBUG] Writing net/bandit/many_bows/entity/VitalityArrow with maxs=true frames=true
[Architectury Transformer DEBUG] Transformed net/bandit/many_bows/entity/VitalityArrow in 167.4 μs
[Architectury Transformer DEBUG] Transforming from net/bandit/many_bows/entity/AstralArrow.class to net/bandit/many_bows/entity/AstralArrow.class with 5 transformer(s) on dev.architectury.transformer.handler.TinyRemapperPreparedTransformerHandler
[Architectury Transformer DEBUG] Found class transformer
[Architectury Transformer DEBUG] Writing net/bandit/many_bows/entity/AstralArrow with maxs=true frames=true
[Architectury Transformer DEBUG] Transformed net/bandit/many_bows/entity/AstralArrow in 257.3 μs
[Architectury Transformer DEBUG] Transforming from net/bandit/many_bows/entity/SpectralArrow.class to net/bandit/many_bows/entity/SpectralArrow.class with 5 transformer(s) on dev.architectury.transformer.handler.TinyRemapperPreparedTransformerHandler
[Architectury Transformer DEBUG] Found class transformer
[Architectury Transformer DEBUG] Writing net/bandit/many_bows/entity/SpectralArrow with maxs=true frames=true
[Architectury Transformer DEBUG] Transformed net/bandit/many_bows/entity/SpectralArrow in 581.4 μs
[Architectury Transformer DEBUG] Transforming from net/bandit/many_bows/entity/AuroraArrowEntity.class to net/bandit/many_bows/entity/AuroraArrowEntity.class with 5 transformer(s) on dev.architectury.transformer.handler.TinyRemapperPreparedTransformerHandler
[Architectury Transformer DEBUG] Found class transformer
[Architectury Transformer DEBUG] Writing net/bandit/many_bows/entity/AuroraArrowEntity with maxs=true frames=true
[Architectury Transformer DEBUG] Transformed net/bandit/many_bows/entity/AuroraArrowEntity in 209.5 μs
[Architectury Transformer DEBUG] Transforming from net/bandit/many_bows/entity/DuskReaperArrow.class to net/bandit/many_bows/entity/DuskReaperArrow.class with 5 transformer(s) on dev.architectury.transformer.handler.TinyRemapperPreparedTransformerHandler
[Architectury Transformer DEBUG] Found class transformer
[Architectury Transformer DEBUG] Writing net/bandit/many_bows/entity/DuskReaperArrow with maxs=true frames=true
[Architectury Transformer DEBUG] Transformed net/bandit/many_bows/entity/DuskReaperArrow in 262.2 μs
[Architectury Transformer DEBUG] Transforming from net/bandit/many_bows/entity/RadiantArrow.class to net/bandit/many_bows/entity/RadiantArrow.class with 5 transformer(s) on dev.architectury.transformer.handler.TinyRemapperPreparedTransformerHandler
[Architectury Transformer DEBUG] Found class transformer
[Architectury Transformer DEBUG] Writing net/bandit/many_bows/entity/RadiantArrow with maxs=true frames=true
[Architectury Transformer DEBUG] Transformed net/bandit/many_bows/entity/RadiantArrow in 225.7 μs
[Architectury Transformer DEBUG] Transforming from net/bandit/many_bows/registry/EntityRegistry.class to net/bandit/many_bows/registry/EntityRegistry.class with 5 transformer(s) on dev.architectury.transformer.handler.TinyRemapperPreparedTransformerHandler
[Architectury Transformer DEBUG] Found class transformer
[Architectury Transformer DEBUG] Writing net/bandit/many_bows/registry/EntityRegistry with maxs=true frames=true
[Architectury Transformer DEBUG] Transformed net/bandit/many_bows/registry/EntityRegistry in 565.0 μs
[Architectury Transformer DEBUG] Transforming from net/bandit/many_bows/entity/RiftEntity.class to net/bandit/many_bows/entity/RiftEntity.class with 5 transformer(s) on dev.architectury.transformer.handler.TinyRemapperPreparedTransformerHandler
[Architectury Transformer DEBUG] Found class transformer
[Architectury Transformer DEBUG] Writing net/bandit/many_bows/entity/RiftEntity with maxs=true frames=true
[Architectury Transformer DEBUG] Transformed net/bandit/many_bows/entity/RiftEntity in 445.5 μs
[Architectury Transformer DEBUG] Transforming from net/bandit/many_bows/registry/EffectRegistry.class to net/bandit/many_bows/registry/EffectRegistry.class with 5 transformer(s) on dev.architectury.transformer.handler.TinyRemapperPreparedTransformerHandler
[Architectury Transformer DEBUG] Found class transformer
[Architectury Transformer DEBUG] Writing net/bandit/many_bows/registry/EffectRegistry with maxs=true frames=true
[Architectury Transformer DEBUG] Transformed net/bandit/many_bows/registry/EffectRegistry in 160.6 μs
[Architectury Transformer DEBUG] Transforming from net/bandit/many_bows/effect/CursedFlameEffect.class to net/bandit/many_bows/effect/CursedFlameEffect.class with 5 transformer(s) on dev.architectury.transformer.handler.TinyRemapperPreparedTransformerHandler
[Architectury Transformer DEBUG] Found class transformer
[Architectury Transformer DEBUG] Writing net/bandit/many_bows/effect/CursedFlameEffect with maxs=true frames=true
[Architectury Transformer DEBUG] Transformed net/bandit/many_bows/effect/CursedFlameEffect in 120.3 μs
[Architectury Transformer DEBUG] Transforming from net/bandit/many_bows/registry/EnchantmentRegistry.class to net/bandit/many_bows/registry/EnchantmentRegistry.class with 5 transformer(s) on dev.architectury.transformer.handler.TinyRemapperPreparedTransformerHandler
[Architectury Transformer DEBUG] Found class transformer
[Architectury Transformer DEBUG] Writing net/bandit/many_bows/registry/EnchantmentRegistry with maxs=true frames=true
[Architectury Transformer DEBUG] Transformed net/bandit/many_bows/registry/EnchantmentRegistry in 157.1 μs
[Architectury Transformer DEBUG] Transforming from net/bandit/many_bows/enchantment/RicochetEnchantment.class to net/bandit/many_bows/enchantment/RicochetEnchantment.class with 5 transformer(s) on dev.architectury.transformer.handler.TinyRemapperPreparedTransformerHandler
[Architectury Transformer DEBUG] Found class transformer
[Architectury Transformer DEBUG] Writing net/bandit/many_bows/enchantment/RicochetEnchantment with maxs=true frames=true
[Architectury Transformer DEBUG] Transformed net/bandit/many_bows/enchantment/RicochetEnchantment in 148.5 μs
[Architectury Transformer DEBUG] Transforming from net/bandit/many_bows/enchantment/SpectralEnchantment.class to net/bandit/many_bows/enchantment/SpectralEnchantment.class with 5 transformer(s) on dev.architectury.transformer.handler.TinyRemapperPreparedTransformerHandler
[Architectury Transformer DEBUG] Found class transformer
[Architectury Transformer DEBUG] Writing net/bandit/many_bows/enchantment/SpectralEnchantment with maxs=true frames=true
[Architectury Transformer DEBUG] Transformed net/bandit/many_bows/enchantment/SpectralEnchantment in 121.8 μs
[Architectury Transformer DEBUG] Transforming from net/bandit/many_bows/client/ClientInit.class to net/bandit/many_bows/client/ClientInit.class with 5 transformer(s) on dev.architectury.transformer.handler.TinyRemapperPreparedTransformerHandler
[Architectury Transformer DEBUG] Found class transformer
[Architectury Transformer DEBUG] Writing net/bandit/many_bows/client/ClientInit with maxs=true frames=true
[Architectury Transformer DEBUG] Transformed net/bandit/many_bows/client/ClientInit in 961.2 μs
[Architectury Transformer DEBUG] Transforming from net/bandit/many_bows/client/renderer/FrostbiteArrowRenderer.class to net/bandit/many_bows/client/renderer/FrostbiteArrowRenderer.class with 5 transformer(s) on dev.architectury.transformer.handler.TinyRemapperPreparedTransformerHandler
[Architectury Transformer DEBUG] Found class transformer
[Architectury Transformer DEBUG] Writing net/bandit/many_bows/client/renderer/FrostbiteArrowRenderer with maxs=true frames=true
[Architectury Transformer DEBUG] Transformed net/bandit/many_bows/client/renderer/FrostbiteArrowRenderer in 544.1 μs
[Architectury Transformer DEBUG] Transforming from net/bandit/many_bows/client/renderer/SonicBoomProjectileRenderer.class to net/bandit/many_bows/client/renderer/SonicBoomProjectileRenderer.class with 5 transformer(s) on dev.architectury.transformer.handler.TinyRemapperPreparedTransformerHandler
[Architectury Transformer DEBUG] Found class transformer
[Architectury Transformer DEBUG] Writing net/bandit/many_bows/client/renderer/SonicBoomProjectileRenderer with maxs=true frames=true
[Architectury Transformer DEBUG] Transformed net/bandit/many_bows/client/renderer/SonicBoomProjectileRenderer in 217.9 μs
[Architectury Transformer DEBUG] Transforming from net/bandit/many_bows/client/renderer/DragonsBreathArrowRenderer.class to net/bandit/many_bows/client/renderer/DragonsBreathArrowRenderer.class with 5 transformer(s) on dev.architectury.transformer.handler.TinyRemapperPreparedTransformerHandler
[Architectury Transformer DEBUG] Found class transformer
[Architectury Transformer DEBUG] Writing net/bandit/many_bows/client/renderer/DragonsBreathArrowRenderer with maxs=true frames=true
[Architectury Transformer DEBUG] Transformed net/bandit/many_bows/client/renderer/DragonsBreathArrowRenderer in 175.7 μs
[Architectury Transformer DEBUG] Transforming from net/bandit/many_bows/client/renderer/IcicleJavelinRenderer.class to net/bandit/many_bows/client/renderer/IcicleJavelinRenderer.class with 5 transformer(s) on dev.architectury.transformer.handler.TinyRemapperPreparedTransformerHandler
[Architectury Transformer DEBUG] Found class transformer
[Architectury Transformer DEBUG] Writing net/bandit/many_bows/client/renderer/IcicleJavelinRenderer with maxs=true frames=true
[Architectury Transformer DEBUG] Transformed net/bandit/many_bows/client/renderer/IcicleJavelinRenderer in 193.9 μs
[Architectury Transformer DEBUG] Transforming from net/bandit/many_bows/client/renderer/VenomArrowRenderer.class to net/bandit/many_bows/client/renderer/VenomArrowRenderer.class with 5 transformer(s) on dev.architectury.transformer.handler.TinyRemapperPreparedTransformerHandler
[Architectury Transformer DEBUG] Found class transformer
[Architectury Transformer DEBUG] Writing net/bandit/many_bows/client/renderer/VenomArrowRenderer with maxs=true frames=true
[Architectury Transformer DEBUG] Transformed net/bandit/many_bows/client/renderer/VenomArrowRenderer in 133.8 μs
[Architectury Transformer DEBUG] Transforming from net/bandit/many_bows/client/renderer/FlameArrowRenderer.class to net/bandit/many_bows/client/renderer/FlameArrowRenderer.class with 5 transformer(s) on dev.architectury.transformer.handler.TinyRemapperPreparedTransformerHandler
[Architectury Transformer DEBUG] Found class transformer
[Architectury Transformer DEBUG] Writing net/bandit/many_bows/client/renderer/FlameArrowRenderer with maxs=true frames=true
[Architectury Transformer DEBUG] Transformed net/bandit/many_bows/client/renderer/FlameArrowRenderer in 157.5 μs
[Architectury Transformer DEBUG] Transforming from net/bandit/many_bows/client/renderer/TidalArrowRenderer.class to net/bandit/many_bows/client/renderer/TidalArrowRenderer.class with 5 transformer(s) on dev.architectury.transformer.handler.TinyRemapperPreparedTransformerHandler
[Architectury Transformer DEBUG] Found class transformer
[Architectury Transformer DEBUG] Writing net/bandit/many_bows/client/renderer/TidalArrowRenderer with maxs=true frames=true
[Architectury Transformer DEBUG] Transformed net/bandit/many_bows/client/renderer/TidalArrowRenderer in 140.5 μs
[Architectury Transformer DEBUG] Transforming from net/bandit/many_bows/client/renderer/WindArrowRenderer.class to net/bandit/many_bows/client/renderer/WindArrowRenderer.class with 5 transformer(s) on dev.architectury.transformer.handler.TinyRemapperPreparedTransformerHandler
[Architectury Transformer DEBUG] Found class transformer
[Architectury Transformer DEBUG] Writing net/bandit/many_bows/client/renderer/WindArrowRenderer with maxs=true frames=true
[Architectury Transformer DEBUG] Transformed net/bandit/many_bows/client/renderer/WindArrowRenderer in 164.0 μs
[Architectury Transformer DEBUG] Transforming from net/bandit/many_bows/client/renderer/LightningArrowRenderer.class to net/bandit/many_bows/client/renderer/LightningArrowRenderer.class with 5 transformer(s) on dev.architectury.transformer.handler.TinyRemapperPreparedTransformerHandler
[Architectury Transformer DEBUG] Found class transformer
[Architectury Transformer DEBUG] Writing net/bandit/many_bows/client/renderer/LightningArrowRenderer with maxs=true frames=true
[Architectury Transformer DEBUG] Transformed net/bandit/many_bows/client/renderer/LightningArrowRenderer in 151.8 μs
[Architectury Transformer DEBUG] Transforming from net/bandit/many_bows/client/renderer/CursedFlameArrowRenderer.class to net/bandit/many_bows/client/renderer/CursedFlameArrowRenderer.class with 5 transformer(s) on dev.architectury.transformer.handler.TinyRemapperPreparedTransformerHandler
[Architectury Transformer DEBUG] Found class transformer
[Architectury Transformer DEBUG] Writing net/bandit/many_bows/client/renderer/CursedFlameArrowRenderer with maxs=true frames=true
[Architectury Transformer DEBUG] Transformed net/bandit/many_bows/client/renderer/CursedFlameArrowRenderer in 147.5 μs
[Architectury Transformer DEBUG] Transforming from net/bandit/many_bows/client/renderer/HunterArrowRenderer.class to net/bandit/many_bows/client/renderer/HunterArrowRenderer.class with 5 transformer(s) on dev.architectury.transformer.handler.TinyRemapperPreparedTransformerHandler
[Architectury Transformer DEBUG] Found class transformer
[Architectury Transformer DEBUG] Writing net/bandit/many_bows/client/renderer/HunterArrowRenderer with maxs=true frames=true
[Architectury Transformer DEBUG] Transformed net/bandit/many_bows/client/renderer/HunterArrowRenderer in 126.0 μs
[Architectury Transformer DEBUG] Transforming from net/bandit/many_bows/client/renderer/SentinelArrowRenderer.class to net/bandit/many_bows/client/renderer/SentinelArrowRenderer.class with 5 transformer(s) on dev.architectury.transformer.handler.TinyRemapperPreparedTransformerHandler
[Architectury Transformer DEBUG] Found class transformer
[Architectury Transformer DEBUG] Writing net/bandit/many_bows/client/renderer/SentinelArrowRenderer with maxs=true frames=true
[Architectury Transformer DEBUG] Transformed net/bandit/many_bows/client/renderer/SentinelArrowRenderer in 194.6 μs
[Architectury Transformer DEBUG] Transforming from net/bandit/many_bows/client/renderer/ShulkerBlastArrowRenderer.class to net/bandit/many_bows/client/renderer/ShulkerBlastArrowRenderer.class with 5 transformer(s) on dev.architectury.transformer.handler.TinyRemapperPreparedTransformerHandler
[Architectury Transformer DEBUG] Found class transformer
[Architectury Transformer DEBUG] Writing net/bandit/many_bows/client/renderer/ShulkerBlastArrowRenderer with maxs=true frames=true
[Architectury Transformer DEBUG] Transformed net/bandit/many_bows/client/renderer/ShulkerBlastArrowRenderer in 193.8 μs
[Architectury Transformer DEBUG] Transforming from net/bandit/many_bows/client/renderer/HunterXPArrowRenderer.class to net/bandit/many_bows/client/renderer/HunterXPArrowRenderer.class with 5 transformer(s) on dev.architectury.transformer.handler.TinyRemapperPreparedTransformerHandler
[Architectury Transformer DEBUG] Found class transformer
[Architectury Transformer DEBUG] Writing net/bandit/many_bows/client/renderer/HunterXPArrowRenderer with maxs=true frames=true
[Architectury Transformer DEBUG] Transformed net/bandit/many_bows/client/renderer/HunterXPArrowRenderer in 134.6 μs
[Architectury Transformer DEBUG] Transforming from net/bandit/many_bows/client/renderer/AncientSageArrowRenderer.class to net/bandit/many_bows/client/renderer/AncientSageArrowRenderer.class with 5 transformer(s) on dev.architectury.transformer.handler.TinyRemapperPreparedTransformerHandler
[Architectury Transformer DEBUG] Found class transformer
[Architectury Transformer DEBUG] Writing net/bandit/many_bows/client/renderer/AncientSageArrowRenderer with maxs=true frames=true
[Architectury Transformer DEBUG] Transformed net/bandit/many_bows/client/renderer/AncientSageArrowRenderer in 263.6 μs
[Architectury Transformer DEBUG] Transforming from net/bandit/many_bows/client/renderer/VitalityArrowRenderer.class to net/bandit/many_bows/client/renderer/VitalityArrowRenderer.class with 5 transformer(s) on dev.architectury.transformer.handler.TinyRemapperPreparedTransformerHandler
[Architectury Transformer DEBUG] Found class transformer
[Architectury Transformer DEBUG] Writing net/bandit/many_bows/client/renderer/VitalityArrowRenderer with maxs=true frames=true
[Architectury Transformer DEBUG] Transformed net/bandit/many_bows/client/renderer/VitalityArrowRenderer in 380.6 μs
[Architectury Transformer DEBUG] Transforming from net/bandit/many_bows/client/renderer/AstralArrowRenderer.class to net/bandit/many_bows/client/renderer/AstralArrowRenderer.class with 5 transformer(s) on dev.architectury.transformer.handler.TinyRemapperPreparedTransformerHandler
[Architectury Transformer DEBUG] Found class transformer
[Architectury Transformer DEBUG] Writing net/bandit/many_bows/client/renderer/AstralArrowRenderer with maxs=true frames=true
[Architectury Transformer DEBUG] Transformed net/bandit/many_bows/client/renderer/AstralArrowRenderer in 226.2 μs
[Architectury Transformer DEBUG] Transforming from net/bandit/many_bows/client/renderer/SpectralArrowRenderer.class to net/bandit/many_bows/client/renderer/SpectralArrowRenderer.class with 5 transformer(s) on dev.architectury.transformer.handler.TinyRemapperPreparedTransformerHandler
[Architectury Transformer DEBUG] Found class transformer
[Architectury Transformer DEBUG] Writing net/bandit/many_bows/client/renderer/SpectralArrowRenderer with maxs=true frames=true
[Architectury Transformer DEBUG] Transformed net/bandit/many_bows/client/renderer/SpectralArrowRenderer in 193.2 μs
[Architectury Transformer DEBUG] Transforming from net/bandit/many_bows/client/renderer/AuroraArrowRenderer.class to net/bandit/many_bows/client/renderer/AuroraArrowRenderer.class with 5 transformer(s) on dev.architectury.transformer.handler.TinyRemapperPreparedTransformerHandler
[Architectury Transformer DEBUG] Found class transformer
[Architectury Transformer DEBUG] Writing net/bandit/many_bows/client/renderer/AuroraArrowRenderer with maxs=true frames=true
[Architectury Transformer DEBUG] Transformed net/bandit/many_bows/client/renderer/AuroraArrowRenderer in 223.4 μs
[Architectury Transformer DEBUG] Transforming from net/bandit/many_bows/client/renderer/RadianceArrowRenderer.class to net/bandit/many_bows/client/renderer/RadianceArrowRenderer.class with 5 transformer(s) on dev.architectury.transformer.handler.TinyRemapperPreparedTransformerHandler
[Architectury Transformer DEBUG] Found class transformer
[Architectury Transformer DEBUG] Writing net/bandit/many_bows/client/renderer/RadianceArrowRenderer with maxs=true frames=true
[Architectury Transformer DEBUG] Transformed net/bandit/many_bows/client/renderer/RadianceArrowRenderer in 197.9 μs
[Architectury Transformer DEBUG] Transforming from net/bandit/many_bows/client/renderer/DuskArrowRenderer.class to net/bandit/many_bows/client/renderer/DuskArrowRenderer.class with 5 transformer(s) on dev.architectury.transformer.handler.TinyRemapperPreparedTransformerHandler
[Architectury Transformer DEBUG] Found class transformer
[Architectury Transformer DEBUG] Writing net/bandit/many_bows/client/renderer/DuskArrowRenderer with maxs=true frames=true
[Architectury Transformer DEBUG] Transformed net/bandit/many_bows/client/renderer/DuskArrowRenderer in 137.7 μs
